### 🆕 Added 0 new document(s):

### 🔁 Updated 314 existing document(s):
#### SMPTE.RDD9.2006 (updated fields: resolvedHref)
  - resolvedHref: `https://my.smpte.org/s/product-details?id=a1BVR0000007NaC` → `https://pub.smpte.org/doc/rdd9/20060417-pub/`
#### SMPTE.RDD9.2009 (updated fields: resolvedHref)
  - resolvedHref: `https://my.smpte.org/s/product-details?id=a1BVR0000007NaC` → `https://pub.smpte.org/doc/rdd9/20090622-pub/`
#### SMPTE.ST12-1.2008 (updated fields: resolvedHref)
  - resolvedHref: `https://my.smpte.org/s/product-details?id=a1BVR0000007NcA` → `https://pub.smpte.org/doc/st12-1/20080207-pub/`
#### SMPTE.ST12-1.2008Am1.2013 (updated fields: resolvedHref)
  - resolvedHref: `https://my.smpte.org/s/product-details?id=a1BVR0000007NcA` → `https://pub.smpte.org/doc/st12-1/20130829-am1-pub/`
#### SMPTE.ST12-2.2008 (updated fields: resolvedHref)
  - resolvedHref: `https://my.smpte.org/s/product-details?id=a1BVR0000007NcB` → `https://pub.smpte.org/doc/st12-2/20080207-pub/`
#### SMPTE.ST12-2.2008Am1.2013 (updated fields: resolvedHref)
  - resolvedHref: `https://my.smpte.org/s/product-details?id=a1BVR0000007NcB` → `https://pub.smpte.org/doc/st12-2/20130829-am1-pub/`
#### SMPTE.EG13.1986 (updated fields: resolvedHref)
  - resolvedHref: `https://my.smpte.org/s/product-details?id=a1BVR0000007NYn` → `https://pub.smpte.org/doc/eg13/19860930-pub/`
#### SMPTE.EG16.2002 (updated fields: resolvedHref)
  - resolvedHref: `https://my.smpte.org/s/product-details?id=a1BVR0000008kXA` → `https://pub.smpte.org/doc/eg16/20020726-pub/`
#### SMPTE.RDD18.2010 (updated fields: resolvedHref)
  - resolvedHref: `https://my.smpte.org/s/product-details?id=a1BVR0000007NZg` → `https://pub.smpte.org/doc/rdd18/20100314-pub/`
#### SMPTE.RDD18.2012 (updated fields: resolvedHref)
  - resolvedHref: `https://my.smpte.org/s/product-details?id=a1BVR0000007NZg` → `https://pub.smpte.org/doc/rdd18/20120314-pub/`
#### SMPTE.RP21.2004 (updated fields: resolvedHref)
  - resolvedHref: `https://my.smpte.org/s/product-details?id=a1BVR0000007NbQ` → `https://pub.smpte.org/doc/rp21/20040227-pub/`
#### SMPTE.RP25.1995 (updated fields: resolvedHref)
  - resolvedHref: `https://my.smpte.org/s/product-details?id=a1BVR0000008kYy` → `https://pub.smpte.org/doc/rp25/19950706-pub/`
#### SMPTE.RDD26.2014 (updated fields: resolvedHref)
  - resolvedHref: `https://my.smpte.org/s/product-details?id=a1BVR0000007NZl` → `https://pub.smpte.org/doc/rdd26/20140509-pub/`
#### SMPTE.RDD29.2014 (updated fields: resolvedHref)
  - resolvedHref: `https://my.smpte.org/s/product-details?id=a1BVR0000007NZn` → `https://pub.smpte.org/doc/rdd29/20140617-pub/`
#### SMPTE.RDD32.2014 (updated fields: resolvedHref)
  - resolvedHref: `https://my.smpte.org/s/product-details?id=a1BVR0000007NZp` → `https://pub.smpte.org/doc/rdd32/20141124-pub/`
#### SMPTE.EG35.1999 (updated fields: resolvedHref)
  - resolvedHref: `https://my.smpte.org/s/product-details?id=a1BVR0000008kXM` → `https://pub.smpte.org/doc/eg35/19990901-pub/`
#### SMPTE.RDD36.2015 (updated fields: resolvedHref)
  - resolvedHref: `https://my.smpte.org/s/product-details?id=a1BVR0000007NZt` → `https://pub.smpte.org/doc/rdd36/20151026-pub/`
#### SMPTE.EG40.2002 (updated fields: resolvedHref)
  - resolvedHref: `https://my.smpte.org/s/product-details?id=a1BVR0000008kXN` → `https://pub.smpte.org/doc/eg40/20020805-pub/`
#### SMPTE.EG40.2012 (updated fields: resolvedHref)
  - resolvedHref: `https://my.smpte.org/s/product-details?id=a1BVR0000008kXN` → `https://pub.smpte.org/doc/eg40/20121128-pub/`
#### SMPTE.EG42.2004 (updated fields: resolvedHref)
  - resolvedHref: `https://my.smpte.org/s/product-details?id=a1BVR0000007NZL` → `https://pub.smpte.org/doc/eg42/20040922-pub/`
#### SMPTE.RDD44.2017 (updated fields: resolvedHref)
  - resolvedHref: `https://my.smpte.org/s/product-details?id=a1BVR0000007Na0` → `https://pub.smpte.org/doc/rdd44/20170404-pub/`
#### SMPTE.RDD45.2017 (updated fields: resolvedHref)
  - resolvedHref: `https://my.smpte.org/s/product-details?id=a1BVR0000007Na1` → `https://pub.smpte.org/doc/rdd45/20171208-pub/`
#### SMPTE.RDD48.2018 (updated fields: resolvedHref)
  - resolvedHref: `https://my.smpte.org/s/product-details?id=a1BVR0000007Na3` → `https://pub.smpte.org/doc/rdd48/20181203-pub/`
#### SMPTE.ST55.2000 (updated fields: resolvedHref)
  - resolvedHref: `https://my.smpte.org/s/product-details?id=a1BVR0000007Ngo` → `https://pub.smpte.org/doc/st55/20000609-pub/`
#### SMPTE.RP91.2002 (updated fields: resolvedHref)
  - resolvedHref: `https://my.smpte.org/s/product-details?id=a1BVR0000008kZX` → `https://pub.smpte.org/doc/rp91/20020726-pub/`
#### SMPTE.ST119.2004 (updated fields: resolvedHref)
  - resolvedHref: `https://my.smpte.org/s/product-details?id=a1BVR0000007Nc9` → `https://pub.smpte.org/doc/st119/20041108-pub/`
#### SMPTE.ST125.1995 (updated fields: resolvedHref)
  - resolvedHref: `https://my.smpte.org/s/product-details?id=a1BVR0000008kZg` → `https://pub.smpte.org/doc/st125/19950912-pub/`
#### SMPTE.RP141.2005 (updated fields: resolvedHref)
  - resolvedHref: `https://my.smpte.org/s/product-details?id=a1BVR0000007NaO` → `https://pub.smpte.org/doc/rp141/20051216-pub/`
#### SMPTE.RP155.2004 (updated fields: resolvedHref)
  - resolvedHref: `https://my.smpte.org/s/product-details?id=a1BVR0000007NaV` → `https://pub.smpte.org/doc/rp155/20040810-pub/`
#### SMPTE.RP157.1995 (updated fields: resolvedHref)
  - resolvedHref: `https://my.smpte.org/s/product-details?id=a1BVR0000007NaW` → `https://pub.smpte.org/doc/rp157/19950101-pub/`
#### SMPTE.RP184.2004 (updated fields: resolvedHref)
  - resolvedHref: `https://my.smpte.org/s/product-details?id=a1BVR0000007Nai` → `https://pub.smpte.org/doc/rp184/20041130-pub/`
#### SMPTE.ST185.2003 (updated fields: resolvedHref)
  - resolvedHref: `https://my.smpte.org/s/product-details?id=a1BVR0000008ka5` → `https://pub.smpte.org/doc/st185/20031214-pub/`
#### SMPTE.RP192.2003 (updated fields: resolvedHref)
  - resolvedHref: `https://my.smpte.org/s/product-details?id=a1BVR0000007Nap` → `https://pub.smpte.org/doc/rp192/20030709-pub/`
#### SMPTE.RP200.2002 (updated fields: resolvedHref)
  - resolvedHref: `https://my.smpte.org/s/product-details?id=a1BVR0000008kYX` → `https://pub.smpte.org/doc/rp200/20021107-pub/`
#### SMPTE.ST203.2003 (updated fields: resolvedHref)
  - resolvedHref: `https://my.smpte.org/s/product-details?id=a1BVR0000008kaO` → `https://pub.smpte.org/doc/st203/20031214-pub/`
#### SMPTE.RP205.2009 (updated fields: resolvedHref)
  - resolvedHref: `https://my.smpte.org/s/product-details?id=a1BVR0000008kYf` → `https://pub.smpte.org/doc/rp205/20091109-pub/`
#### SMPTE.RP215.2001 (updated fields: resolvedHref)
  - resolvedHref: `https://my.smpte.org/s/product-details?id=a1BVR0000008kYs` → `https://pub.smpte.org/doc/rp215/20010906-pub/`
#### SMPTE.ST217.1998 (updated fields: resolvedHref)
  - resolvedHref: `https://my.smpte.org/s/product-details?id=a1BVR0000008kb5` → `https://pub.smpte.org/doc/st217/19980924-pub/`
#### SMPTE.ST241.1995 (updated fields: resolvedHref)
  - resolvedHref: `https://my.smpte.org/s/product-details?id=a1BVR0000007Nea` → `https://pub.smpte.org/doc/st241/19950103-pub/`
#### SMPTE.ST266.2002 (updated fields: resolvedHref)
  - resolvedHref: `https://my.smpte.org/s/product-details?id=a1BVR0000007Nel` → `https://pub.smpte.org/doc/st266/20020131-pub/`
#### SMPTE.ST268-2.2018 (updated fields: resolvedHref)
  - resolvedHref: `https://my.smpte.org/s/product-details?id=a1BVR0000007Neo` → `https://pub.smpte.org/doc/st268-2/20181203-pub/`
#### SMPTE.ST268.2003 (updated fields: resolvedHref)
  - resolvedHref: `https://my.smpte.org/s/product-details?id=a1BVR0000007Nem` → `https://pub.smpte.org/doc/st268/20030505-pub/`
#### SMPTE.ST268.2003Am1.2012 (updated fields: resolvedHref)
  - resolvedHref: `https://my.smpte.org/s/product-details?id=a1BVR0000007Nem` → `https://pub.smpte.org/doc/st268/20120314-am1-pub/`
#### SMPTE.ST292-1.2011 (updated fields: resolvedHref)
  - resolvedHref: `https://my.smpte.org/s/product-details?id=a1BVR0000007Neu` → `https://pub.smpte.org/doc/st292-1/20110330-pub/`
#### SMPTE.ST292-1.2012 (updated fields: resolvedHref)
  - resolvedHref: `https://my.smpte.org/s/product-details?id=a1BVR0000007Neu` → `https://pub.smpte.org/doc/st292-1/20120103-pub/`
#### SMPTE.ST296.2001 (updated fields: resolvedHref)
  - resolvedHref: `https://my.smpte.org/s/product-details?id=a1BVR0000008kbg2AA` → `https://pub.smpte.org/doc/st296/20010104-pub/`
#### SMPTE.ST296.2011 (updated fields: resolvedHref)
  - resolvedHref: `https://my.smpte.org/s/product-details?id=a1BVR0000008kbg2AA` → `https://pub.smpte.org/doc/st296/20111025-pub/`
#### SMPTE.ST297.2006 (updated fields: resolvedHref)
  - resolvedHref: `https://my.smpte.org/s/product-details?id=a1BVR0000008kbh` → `https://pub.smpte.org/doc/st297/20061103-pub/`
#### SMPTE.ST309.1999 (updated fields: resolvedHref)
  - resolvedHref: `https://my.smpte.org/s/product-details?id=a1BVR0000008kbq` → `https://pub.smpte.org/doc/st309/19990901-pub/`
#### SMPTE.ST318.1999 (updated fields: resolvedHref)
  - resolvedHref: `https://my.smpte.org/s/product-details?id=a1BVR0000008kbx` → `https://pub.smpte.org/doc/st318/19990101-pub/`
#### SMPTE.ST330.2004 (updated fields: resolvedHref)
  - resolvedHref: `https://my.smpte.org/s/product-details?id=a1BVR0000007NfE` → `https://pub.smpte.org/doc/st330/20040203-pub/`
#### SMPTE.ST330.2011 (updated fields: resolvedHref)
  - resolvedHref: `https://my.smpte.org/s/product-details?id=a1BVR0000007NfE` → `https://pub.smpte.org/doc/st330/20110823-pub/`
#### SMPTE.ST331.2004 (updated fields: resolvedHref)
  - resolvedHref: `https://my.smpte.org/s/product-details?id=a1BVR0000007NfF` → `https://pub.smpte.org/doc/st331/20040203-pub/`
#### SMPTE.ST331.2011 (updated fields: resolvedHref)
  - resolvedHref: `https://my.smpte.org/s/product-details?id=a1BVR0000007NfF` → `https://pub.smpte.org/doc/st331/20110512-pub/`
#### SMPTE.ST334-1.2007 (updated fields: resolvedHref)
  - resolvedHref: `https://my.smpte.org/s/product-details?id=a1BVR0000007NfI` → `https://pub.smpte.org/doc/st334-1/20070727-pub/`
#### SMPTE.ST334-2.2007 (updated fields: resolvedHref)
  - resolvedHref: `https://my.smpte.org/s/product-details?id=a1BVR0000007NfJ` → `https://pub.smpte.org/doc/st334-2/20070727-pub/`
#### SMPTE.ST335.2001 (updated fields: resolvedHref)
  - resolvedHref: `https://my.smpte.org/s/product-details?id=a1BVR0000007NfK` → `https://pub.smpte.org/doc/st335/20010918-pub/`
#### SMPTE.ST335.2012 (updated fields: resolvedHref)
  - resolvedHref: `https://my.smpte.org/s/product-details?id=a1BVR0000007NfK` → `https://pub.smpte.org/doc/st335/20120113-pub/`
#### SMPTE.ST336.2007 (updated fields: resolvedHref)
  - resolvedHref: `https://my.smpte.org/s/product-details?id=a1BVR0000007NfL` → `https://pub.smpte.org/doc/st336/20070822-pub/`
#### SMPTE.ST337.2008 (updated fields: resolvedHref)
  - resolvedHref: `https://my.smpte.org/s/product-details?id=a1BVR0000008kc2` → `https://pub.smpte.org/doc/st337/20081023-pub/`
#### SMPTE.ST338.2010 (updated fields: resolvedHref)
  - resolvedHref: `https://my.smpte.org/s/product-details?id=a1BVR0000007NfM` → `https://pub.smpte.org/doc/st338/20100802-pub/`
#### SMPTE.ST338.2015 (updated fields: resolvedHref)
  - resolvedHref: `https://my.smpte.org/s/product-details?id=a1BVR0000007NfM` → `https://pub.smpte.org/doc/st338/20150327-pub/`
#### SMPTE.ST338.2016 (updated fields: resolvedHref)
  - resolvedHref: `https://my.smpte.org/s/product-details?id=a1BVR0000007NfM` → `https://pub.smpte.org/doc/st338/20160715-pub/`
#### SMPTE.ST339.2008 (updated fields: resolvedHref)
  - resolvedHref: `https://my.smpte.org/s/product-details?id=a1BVR0000007NfN` → `https://pub.smpte.org/doc/st339/20081023-pub/`
#### SMPTE.ST340.2008 (updated fields: resolvedHref)
  - resolvedHref: `https://my.smpte.org/s/product-details?id=a1BVR0000008kc3` → `https://pub.smpte.org/doc/st340/20080604-pub/`
#### SMPTE.ST352.2011 (updated fields: resolvedHref)
  - resolvedHref: `https://my.smpte.org/s/product-details?id=a1BVR0000007NfR` → `https://pub.smpte.org/doc/st352/20110330-pub/`
#### SMPTE.ST370.2006 (updated fields: resolvedHref)
  - resolvedHref: `https://my.smpte.org/s/product-details?id=a1BVR0000008kcK` → `https://pub.smpte.org/doc/st370/20060418-pub/`
#### SMPTE.ST372.2011 (updated fields: resolvedHref)
  - resolvedHref: `https://my.smpte.org/s/product-details?id=a1BVR0000008kcM` → `https://pub.smpte.org/doc/st372/20110330-pub/`
#### SMPTE.ST377-1.2009 (updated fields: resolvedHref)
  - resolvedHref: `https://my.smpte.org/s/product-details?id=a1BVR0000007Nfd` → `https://pub.smpte.org/doc/st377-1/20090504-pub/`
#### SMPTE.ST377-1.2011 (updated fields: resolvedHref)
  - resolvedHref: `https://my.smpte.org/s/product-details?id=a1BVR0000007Nfd` → `https://pub.smpte.org/doc/st377-1/20110607-pub/`
#### SMPTE.ST377-1.2011Am1.2012 (updated fields: resolvedHref)
  - resolvedHref: `https://my.smpte.org/s/product-details?id=a1BVR0000007Nfd` → `https://pub.smpte.org/doc/st377-1/20120314-am1-pub/`
#### SMPTE.ST377-4.2012 (updated fields: resolvedHref)
  - resolvedHref: `https://my.smpte.org/s/product-details?id=a1BVR0000007Nff` → `https://pub.smpte.org/doc/st377-4/20120314-pub/`
#### SMPTE.ST377-41.2021 (updated fields: resolvedHref)
  - resolvedHref: `https://my.smpte.org/s/product-details?id=a1BVR0000008kcQ2AQ` → `https://pub.smpte.org/doc/st377-41/20210623-pub/`
#### SMPTE.ST381-2.2011 (updated fields: resolvedHref)
  - resolvedHref: `https://my.smpte.org/s/product-details?id=a1BVR0000007Nfm` → `https://pub.smpte.org/doc/st381-2/20110823-pub/`
#### SMPTE.ST381-3.2013 (updated fields: resolvedHref)
  - resolvedHref: `https://my.smpte.org/s/product-details?id=a1BVR0000008kcU` → `https://pub.smpte.org/doc/st381-3/20130729-pub/`
#### SMPTE.ST381-3.2017 (updated fields: resolvedHref)
  - resolvedHref: `https://my.smpte.org/s/product-details?id=a1BVR0000008kcU` → `https://pub.smpte.org/doc/st381-3/20170830-pub/`
#### SMPTE.ST381-5.2020 (updated fields: resolvedHref)
  - resolvedHref: `https://my.smpte.org/s/product-details?id=a1BVR0000007Nfo` → `https://pub.smpte.org/doc/st381-5/20200804-pub/`
#### SMPTE.ST382.2007 (updated fields: resolvedHref)
  - resolvedHref: `https://my.smpte.org/s/product-details?id=a1BVR0000008kcV` → `https://pub.smpte.org/doc/st382/20070710-pub/`
#### SMPTE.ST382.2007Am1.2012 (updated fields: resolvedHref)
  - resolvedHref: `https://my.smpte.org/s/product-details?id=a1BVR0000008kcV` → `https://pub.smpte.org/doc/st382/20120314-am1-pub/`
#### SMPTE.ST382.2007Am2.2013 (updated fields: resolvedHref)
  - resolvedHref: `https://my.smpte.org/s/product-details?id=a1BVR0000008kcV` → `https://pub.smpte.org/doc/st382/20130205-am2-pub/`
#### SMPTE.ST385.2004 (updated fields: resolvedHref)
  - resolvedHref: `https://my.smpte.org/s/product-details?id=a1BVR0000008kcY` → `https://pub.smpte.org/doc/st385/20040922-pub/`
#### SMPTE.ST385.2012 (updated fields: resolvedHref)
  - resolvedHref: `https://my.smpte.org/s/product-details?id=a1BVR0000008kcY` → `https://pub.smpte.org/doc/st385/20120605-pub/`
#### SMPTE.ST392.2004 (updated fields: resolvedHref)
  - resolvedHref: `https://my.smpte.org/s/product-details?id=a1BVR0000008kcf` → `https://pub.smpte.org/doc/st392/20040922-pub/`
#### SMPTE.ST395.2003 (updated fields: resolvedHref)
  - resolvedHref: `https://my.smpte.org/s/product-details?id=a1BVR0000007Nfp` → `https://pub.smpte.org/doc/st395/20030827-pub/`
#### SMPTE.ST400.2004 (updated fields: resolvedHref)
  - resolvedHref: `https://my.smpte.org/s/product-details?id=a1BVR0000007Nfr` → `https://pub.smpte.org/doc/st400/20040203-pub/`
#### SMPTE.ST421.2006 (updated fields: resolvedHref)
  - resolvedHref: `https://my.smpte.org/s/product-details?id=a1BVR0000007Nfz` → `https://pub.smpte.org/doc/st421/20060224-pub/`
#### SMPTE.ST422.2006 (updated fields: resolvedHref)
  - resolvedHref: `https://my.smpte.org/s/product-details?id=a1BVR0000008kct` → `https://pub.smpte.org/doc/st422/20060828-pub/`
#### SMPTE.ST422.2013 (updated fields: resolvedHref)
  - resolvedHref: `https://my.smpte.org/s/product-details?id=a1BVR0000008kct` → `https://pub.smpte.org/doc/st422/20131105-pub/`
#### SMPTE.ST422.2013Am1.2014 (updated fields: resolvedHref)
  - resolvedHref: `https://my.smpte.org/s/product-details?id=a1BVR0000008kct` → `https://pub.smpte.org/doc/st422/20140513-am1-pub/`
#### SMPTE.ST422.2014 (updated fields: resolvedHref)
  - resolvedHref: `https://my.smpte.org/s/product-details?id=a1BVR0000008kct` → `https://pub.smpte.org/doc/st422/20140513-pub/`
#### SMPTE.ST422.2019 (updated fields: resolvedHref)
  - resolvedHref: `https://my.smpte.org/s/product-details?id=a1BVR0000008kct` → `https://pub.smpte.org/doc/st422/20191213-pub/`
#### SMPTE.ST424.2006 (updated fields: resolvedHref)
  - resolvedHref: `https://my.smpte.org/s/product-details?id=a1BVR0000007Ng0` → `https://pub.smpte.org/doc/st424/20060405-pub/`
#### SMPTE.OV425-0.2011 (updated fields: resolvedHref)
  - resolvedHref: `https://my.smpte.org/s/product-details?id=a1BVR0000007NZb` → `https://pub.smpte.org/doc/ov425-0/20110330-pub/`
#### SMPTE.OV425-0.2012 (updated fields: resolvedHref)
  - resolvedHref: `https://my.smpte.org/s/product-details?id=a1BVR0000007NZb` → `https://pub.smpte.org/doc/ov425-0/20120621-pub/`
#### SMPTE.ST425-1.2011 (updated fields: resolvedHref)
  - resolvedHref: `https://my.smpte.org/s/product-details?id=a1BVR0000008kcu` → `https://pub.smpte.org/doc/st425-1/20110330-pub/`
#### SMPTE.ST425-1.2011Am1.2014 (updated fields: resolvedHref)
  - resolvedHref: `https://my.smpte.org/s/product-details?id=a1BVR0000008kcu` → `https://pub.smpte.org/doc/st425-1/20140513-am1-pub/`
#### SMPTE.ST425-1.2014 (updated fields: resolvedHref)
  - resolvedHref: `https://my.smpte.org/s/product-details?id=a1BVR0000008kcu` → `https://pub.smpte.org/doc/st425-1/20140513-pub/`
#### SMPTE.ST425-3.2014 (updated fields: resolvedHref)
  - resolvedHref: `https://my.smpte.org/s/product-details?id=a1BVR0000008kcw` → `https://pub.smpte.org/doc/st425-3/20140220-pub/`
#### SMPTE.ST425-3.2014Am1.2015 (updated fields: resolvedHref)
  - resolvedHref: `https://my.smpte.org/s/product-details?id=a1BVR0000008kcw` → `https://pub.smpte.org/doc/st425-3/20150326-am1-pub/`
#### SMPTE.ST425-3.2015 (updated fields: resolvedHref)
  - resolvedHref: `https://my.smpte.org/s/product-details?id=a1BVR0000008kcw` → `https://pub.smpte.org/doc/st425-3/20150326-pub/`
#### SMPTE.ST425-5.2014 (updated fields: resolvedHref)
  - resolvedHref: `https://my.smpte.org/s/product-details?id=a1BVR0000008kcx` → `https://pub.smpte.org/doc/st425-5/20140220-pub/`
#### SMPTE.ST425-5.2014Am1.2015 (updated fields: resolvedHref)
  - resolvedHref: `https://my.smpte.org/s/product-details?id=a1BVR0000008kcx` → `https://pub.smpte.org/doc/st425-5/20150326-am1-pub/`
#### SMPTE.ST425-5.2015 (updated fields: resolvedHref)
  - resolvedHref: `https://my.smpte.org/s/product-details?id=a1BVR0000008kcx` → `https://pub.smpte.org/doc/st425-5/20150326-pub/`
#### SMPTE.ST428-1.2006 (updated fields: resolvedHref)
  - resolvedHref: `https://my.smpte.org/s/product-details?id=a1BVR0000007Ng4` → `https://pub.smpte.org/doc/st428-1/20060929-pub/`
#### SMPTE.ST428-11.2009 (updated fields: resolvedHref)
  - resolvedHref: `https://my.smpte.org/s/product-details?id=a1BVR0000007Ng6` → `https://pub.smpte.org/doc/st428-11/20090701-pub/`
#### SMPTE.ST428-7.2007 (updated fields: resolvedHref)
  - resolvedHref: `https://my.smpte.org/s/product-details?id=a1BVR0000007Ng9` → `https://pub.smpte.org/doc/st428-7/20070412-pub/`
#### SMPTE.ST428-7.2010 (updated fields: resolvedHref)
  - resolvedHref: `https://my.smpte.org/s/product-details?id=a1BVR0000007Ng9` → `https://pub.smpte.org/doc/st428-7/20101215-pub/`
#### SMPTE.ST429-10.2008 (updated fields: resolvedHref)
  - resolvedHref: `https://my.smpte.org/s/product-details?id=a1BVR0000007NgB` → `https://pub.smpte.org/doc/st429-10/20080215-pub/`
#### SMPTE.ST429-14.2014 (updated fields: resolvedHref)
  - resolvedHref: `https://my.smpte.org/s/product-details?id=a1BVR0000007NgD` → `https://pub.smpte.org/doc/st429-14/20140513-pub/`
#### SMPTE.ST429-14.2023-09 (updated fields: resolvedHref)
  - resolvedHref: `https://my.smpte.org/s/product-details?id=a1BVR0000007NgD` → `https://pub.smpte.org/doc/st429-14/20230912-pub/`
#### SMPTE.ST429-16.2014 (updated fields: resolvedHref)
  - resolvedHref: `https://my.smpte.org/s/product-details?id=a1BVR0000007NgE` → `https://pub.smpte.org/doc/st429-16/20140815-pub/`
#### SMPTE.ST429-18.2019 (updated fields: resolvedHref)
  - resolvedHref: `https://my.smpte.org/s/product-details?id=a1BVR0000007NgG2AU` → `https://pub.smpte.org/doc/st429-18/20190603-pub/`
#### SMPTE.ST429-18.2023-09 (updated fields: resolvedHref)
  - resolvedHref: `https://my.smpte.org/s/product-details?id=a1BVR0000007NgG2AU` → `https://pub.smpte.org/doc/st429-18/20230912-pub/`
#### SMPTE.ST429-19.2019 (updated fields: resolvedHref)
  - resolvedHref: `https://my.smpte.org/s/product-details?id=a1BVR0000007NgH` → `https://pub.smpte.org/doc/st429-19/20190603-pub/`
#### SMPTE.ST429-2.2009 (updated fields: resolvedHref)
  - resolvedHref: `https://my.smpte.org/s/product-details?id=a1BVR0000007NgI` → `https://pub.smpte.org/doc/st429-2/20090311-pub/`
#### SMPTE.ST429-2.2011 (updated fields: resolvedHref)
  - resolvedHref: `https://my.smpte.org/s/product-details?id=a1BVR0000007NgI` → `https://pub.smpte.org/doc/st429-2/20110923-pub/`
#### SMPTE.ST429-2.2011Am1.2013 (updated fields: resolvedHref)
  - resolvedHref: `https://my.smpte.org/s/product-details?id=a1BVR0000007NgI` → `https://pub.smpte.org/doc/st429-2/20130116-am1-pub/`
#### SMPTE.ST429-2.2013 (updated fields: resolvedHref)
  - resolvedHref: `https://my.smpte.org/s/product-details?id=a1BVR0000007NgI` → `https://pub.smpte.org/doc/st429-2/20130928-pub/`
#### SMPTE.ST429-2.2013Am1.2018 (updated fields: resolvedHref)
  - resolvedHref: `https://my.smpte.org/s/product-details?id=a1BVR0000007NgI` → `https://pub.smpte.org/doc/st429-2/20181231-am1-pub/`
#### SMPTE.ST429-2.2019 (updated fields: resolvedHref)
  - resolvedHref: `https://my.smpte.org/s/product-details?id=a1BVR0000007NgI2AU` → `https://pub.smpte.org/doc/st429-2/20191111-pub/`
#### SMPTE.ST429-2.2020 (updated fields: resolvedHref)
  - resolvedHref: `https://my.smpte.org/s/product-details?id=a1BVR0000007NgI` → `https://pub.smpte.org/doc/st429-2/20201027-pub/`
#### SMPTE.ST429-2.2023-09 (updated fields: resolvedHref)
  - resolvedHref: `https://my.smpte.org/s/product-details?id=a1BVR0000007NgI` → `https://pub.smpte.org/doc/st429-2/20230912-pub/`
#### SMPTE.ST429-3.2007 (updated fields: resolvedHref)
  - resolvedHref: `https://my.smpte.org/s/product-details?id=a1BVR0000007NgK` → `https://pub.smpte.org/doc/st429-3/20070814-pub/`
#### SMPTE.ST429-3.2023-09 (updated fields: resolvedHref)
  - resolvedHref: `https://my.smpte.org/s/product-details?id=a1BVR0000007NgK` → `https://pub.smpte.org/doc/st429-3/20230912-pub/`
#### SMPTE.ST429-4.2006 (updated fields: resolvedHref)
  - resolvedHref: `https://my.smpte.org/s/product-details?id=a1BVR0000007NgL` → `https://pub.smpte.org/doc/st429-4/20061003-pub/`
#### SMPTE.ST429-4.2020 (updated fields: resolvedHref)
  - resolvedHref: `https://my.smpte.org/s/product-details?id=a1BVR0000007NgL` → `https://pub.smpte.org/doc/st429-4/20200227-pub/`
#### SMPTE.ST429-4.2023-05 (updated fields: resolvedHref)
  - resolvedHref: `https://my.smpte.org/s/product-details?id=a1BVR0000007NgL` → `https://pub.smpte.org/doc/st429-4/20230504-pub/`
#### SMPTE.ST429-5.2009 (updated fields: resolvedHref)
  - resolvedHref: `https://my.smpte.org/s/product-details?id=a1BVR0000007NgM` → `https://pub.smpte.org/doc/st429-5/20090309-pub/`
#### SMPTE.ST429-5.2017 (updated fields: resolvedHref)
  - resolvedHref: `https://my.smpte.org/s/product-details?id=a1BVR0000007NgM` → `https://pub.smpte.org/doc/st429-5/20171227-pub/`
#### SMPTE.ST429-5.2023-09 (updated fields: resolvedHref)
  - resolvedHref: `https://my.smpte.org/s/product-details?id=a1BVR0000007NgM` → `https://pub.smpte.org/doc/st429-5/20230912-pub/`
#### SMPTE.ST429-6.2006 (updated fields: resolvedHref)
  - resolvedHref: `https://my.smpte.org/s/product-details?id=a1BVR0000007NgN` → `https://pub.smpte.org/doc/st429-6/20061003-pub/`
#### SMPTE.ST429-6.2023-05 (updated fields: resolvedHref)
  - resolvedHref: `https://my.smpte.org/s/product-details?id=a1BVR0000007NgN` → `https://pub.smpte.org/doc/st429-6/20230504-pub/`
#### SMPTE.ST429-9.2007 (updated fields: resolvedHref)
  - resolvedHref: `https://my.smpte.org/s/product-details?id=a1BVR0000007NgQ` → `https://pub.smpte.org/doc/st429-9/20070625-pub/`
#### SMPTE.ST430-1.2006 (updated fields: resolvedHref)
  - resolvedHref: `https://my.smpte.org/s/product-details?id=a1BVR0000007NgR` → `https://pub.smpte.org/doc/st430-1/20061003-pub/`
#### SMPTE.ST430-1.2006Am1.2009 (updated fields: resolvedHref)
  - resolvedHref: `https://my.smpte.org/s/product-details?id=a1BVR0000007NgR` → `https://pub.smpte.org/doc/st430-1/20090109-am1-pub/`
#### SMPTE.ST430-1.2017 (updated fields: resolvedHref)
  - resolvedHref: `https://my.smpte.org/s/product-details?id=a1BVR0000007NgR2AU` → `https://pub.smpte.org/doc/st430-1/20170112-pub/`
#### SMPTE.ST430-1.2017Am1.2019 (updated fields: resolvedHref)
  - resolvedHref: `https://my.smpte.org/s/product-details?id=a1BVR0000007NgR2AU` → `https://pub.smpte.org/doc/st430-1/20190618-am1-pub/`
#### SMPTE.ST430-12.2014 (updated fields: resolvedHref)
  - resolvedHref: `https://my.smpte.org/s/product-details?id=a1BVR0000007NgU` → `https://pub.smpte.org/doc/st430-12/20140510-pub/`
#### SMPTE.ST430-12.2014Am1.2019 (updated fields: resolvedHref)
  - resolvedHref: `https://my.smpte.org/s/product-details?id=a1BVR0000007NgU2AU` → `https://pub.smpte.org/doc/st430-12/20190603-am1-pub/`
#### SMPTE.ST430-14.2015 (updated fields: resolvedHref)
  - resolvedHref: `https://my.smpte.org/s/product-details?id=a1BVR0000007NgV` → `https://pub.smpte.org/doc/st430-14/20150801-pub/`
#### SMPTE.ST430-2.2006 (updated fields: resolvedHref)
  - resolvedHref: `https://my.smpte.org/s/product-details?id=a1BVR0000007NgZ2AU` → `https://pub.smpte.org/doc/st430-2/20061003-pub/`
#### SMPTE.ST430-3.2008 (updated fields: resolvedHref)
  - resolvedHref: `https://my.smpte.org/s/product-details?id=a1BVR0000007Nga` → `https://pub.smpte.org/doc/st430-3/20080303-pub/`
#### SMPTE.ST430-3.2012 (updated fields: resolvedHref)
  - resolvedHref: `https://my.smpte.org/s/product-details?id=a1BVR0000007Nga` → `https://pub.smpte.org/doc/st430-3/20120822-pub/`
#### SMPTE.ST430-4.2008 (updated fields: resolvedHref)
  - resolvedHref: `https://my.smpte.org/s/product-details?id=a1BVR0000007Ngb` → `https://pub.smpte.org/doc/st430-4/20080303-pub/`
#### SMPTE.ST430-5.2008 (updated fields: resolvedHref)
  - resolvedHref: `https://my.smpte.org/s/product-details?id=a1BVR0000007Ngc` → `https://pub.smpte.org/doc/st430-5/20080303-pub/`
#### SMPTE.ST430-5.2011 (updated fields: resolvedHref)
  - resolvedHref: `https://my.smpte.org/s/product-details?id=a1BVR0000007Ngc` → `https://pub.smpte.org/doc/st430-5/20110924-pub/`
#### SMPTE.ST430-5.2023-09 (updated fields: resolvedHref)
  - resolvedHref: `https://my.smpte.org/s/product-details?id=a1BVR0000007Ngc2AE` → `https://pub.smpte.org/doc/st430-5/20230912-pub/`
#### SMPTE.ST430-7.2008 (updated fields: resolvedHref)
  - resolvedHref: `https://my.smpte.org/s/product-details?id=a1BVR0000007Nge` → `https://pub.smpte.org/doc/st430-7/20081028-pub/`
#### SMPTE.ST430-9.2008 (updated fields: resolvedHref)
  - resolvedHref: `https://my.smpte.org/s/product-details?id=a1BVR0000007Ngf` → `https://pub.smpte.org/doc/st430-9/20080201-pub/`
#### SMPTE.ST433.2008 (updated fields: resolvedHref)
  - resolvedHref: `https://my.smpte.org/s/product-details?id=a1BVR0000007Ngh` → `https://pub.smpte.org/doc/st433/20080303-pub/`
#### SMPTE.ST434.2006 (updated fields: resolvedHref)
  - resolvedHref: `https://my.smpte.org/s/product-details?id=a1BVR0000008kd2` → `https://pub.smpte.org/doc/st434/20061109-pub/`
#### SMPTE.ST435-1.2009 (updated fields: resolvedHref)
  - resolvedHref: `https://my.smpte.org/s/product-details?id=a1BVR0000007Ngi` → `https://pub.smpte.org/doc/st435-1/20090304-pub/`
#### SMPTE.ST435-3.2009 (updated fields: resolvedHref)
  - resolvedHref: `https://my.smpte.org/s/product-details?id=a1BVR0000007Ngk` → `https://pub.smpte.org/doc/st435-3/20090304-pub/`
#### SMPTE.ST2001-1.2013 (updated fields: resolvedHref)
  - resolvedHref: `https://my.smpte.org/s/product-details?id=a1BVR0000007NcS2AU` → `https://pub.smpte.org/doc/st2001-1/20131106-pub/`
#### SMPTE.ST2016-2.2007 (updated fields: resolvedHref)
  - resolvedHref: `https://my.smpte.org/s/product-details?id=a1BVR0000007NcY` → `https://pub.smpte.org/doc/st2016-2/20070521-pub/`
#### SMPTE.ST2016-4.2007 (updated fields: resolvedHref)
  - resolvedHref: `https://my.smpte.org/s/product-details?id=a1BVR0000007NcZ` → `https://pub.smpte.org/doc/st2016-4/20070521-pub/`
#### SMPTE.RP2019-2.2008 (updated fields: resolvedHref)
  - resolvedHref: `https://my.smpte.org/s/product-details?id=a1BVR0000007Naz` → `https://pub.smpte.org/doc/rp2019-2/20080115-pub/`
#### SMPTE.RP2019-2.2014 (updated fields: resolvedHref)
  - resolvedHref: `https://my.smpte.org/s/product-details?id=a1BVR0000007Naz` → `https://pub.smpte.org/doc/rp2019-2/20140605-pub/`
#### SMPTE.ST2019-1.2008 (updated fields: resolvedHref)
  - resolvedHref: `https://my.smpte.org/s/product-details?id=a1BVR0000007Nca` → `https://pub.smpte.org/doc/st2019-1/20080115-pub/`
#### SMPTE.ST2019-1.2014 (updated fields: resolvedHref)
  - resolvedHref: `https://my.smpte.org/s/product-details?id=a1BVR0000007Nca` → `https://pub.smpte.org/doc/st2019-1/20140605-pub/`
#### SMPTE.ST2019-1.2016 (updated fields: resolvedHref)
  - resolvedHref: `https://my.smpte.org/s/product-details?id=a1BVR0000007Nca` → `https://pub.smpte.org/doc/st2019-1/20160518-pub/`
#### SMPTE.ST2019-4.2009 (updated fields: resolvedHref)
  - resolvedHref: `https://my.smpte.org/s/product-details?id=a1BVR0000007Ncc` → `https://pub.smpte.org/doc/st2019-4/20091023-pub/`
#### SMPTE.ST2019-4.2014 (updated fields: resolvedHref)
  - resolvedHref: `https://my.smpte.org/s/product-details?id=a1BVR0000007Ncc` → `https://pub.smpte.org/doc/st2019-4/20140814-pub/`
#### SMPTE.ST2019-4.2016 (updated fields: resolvedHref)
  - resolvedHref: `https://my.smpte.org/s/product-details?id=a1BVR0000007Ncc2AE` → `https://pub.smpte.org/doc/st2019-4/20160518-pub/`
#### SMPTE.ST2020-1.2008 (updated fields: resolvedHref)
  - resolvedHref: `https://my.smpte.org/s/product-details?id=a1BVR0000008kaH` → `https://pub.smpte.org/doc/st2020-1/20080312-pub/`
#### SMPTE.ST2020-2.2008 (updated fields: resolvedHref)
  - resolvedHref: `https://my.smpte.org/s/product-details?id=a1BVR0000007Ncd` → `https://pub.smpte.org/doc/st2020-2/20080312-pub/`
#### SMPTE.ST2020-3.2008 (updated fields: resolvedHref)
  - resolvedHref: `https://my.smpte.org/s/product-details?id=a1BVR0000007Nce` → `https://pub.smpte.org/doc/st2020-3/20080312-pub/`
#### SMPTE.EG2021-3.2009 (updated fields: resolvedHref)
  - resolvedHref: `https://my.smpte.org/s/product-details?id=a1BVR0000007NYs2AM` → `https://pub.smpte.org/doc/eg2021-3/20091204-pub/`
#### SMPTE.EG2021-3.2012 (updated fields: resolvedHref)
  - resolvedHref: `https://my.smpte.org/s/product-details?id=a1BVR0000007NYs` → `https://pub.smpte.org/doc/eg2021-3/20120314-pub/`
#### SMPTE.EG2021-3.2013 (updated fields: resolvedHref)
  - resolvedHref: `https://my.smpte.org/s/product-details?id=a1BVR0000007NYs` → `https://pub.smpte.org/doc/eg2021-3/20131011-pub/`
#### SMPTE.EG2021-3.2015 (updated fields: resolvedHref)
  - resolvedHref: `https://my.smpte.org/s/product-details?id=a1BVR0000007NYs` → `https://pub.smpte.org/doc/eg2021-3/20151009-pub/`
#### SMPTE.EG2021-3.2017 (updated fields: resolvedHref)
  - resolvedHref: `https://my.smpte.org/s/product-details?id=a1BVR0000007NYs` → `https://pub.smpte.org/doc/eg2021-3/20170712-pub/`
#### SMPTE.EG2021-3.2019 (updated fields: resolvedHref)
  - resolvedHref: `https://my.smpte.org/s/product-details?id=a1BVR0000007NYs` → `https://pub.smpte.org/doc/eg2021-3/20190521-pub/`
#### SMPTE.EG2021-4.2009 (updated fields: resolvedHref)
  - resolvedHref: `https://my.smpte.org/s/product-details?id=a1BVR0000007NYt` → `https://pub.smpte.org/doc/eg2021-4/20091204-pub/`
#### SMPTE.EG2021-4.2012 (updated fields: resolvedHref)
  - resolvedHref: `https://my.smpte.org/s/product-details?id=a1BVR0000007NYt` → `https://pub.smpte.org/doc/eg2021-4/20120314-pub/`
#### SMPTE.EG2021-4.2013 (updated fields: resolvedHref)
  - resolvedHref: `https://my.smpte.org/s/product-details?id=a1BVR0000007NYt` → `https://pub.smpte.org/doc/eg2021-4/20131011-pub/`
#### SMPTE.EG2021-4.2015 (updated fields: resolvedHref)
  - resolvedHref: `https://my.smpte.org/s/product-details?id=a1BVR0000007NYt` → `https://pub.smpte.org/doc/eg2021-4/20151009-pub/`
#### SMPTE.OV2021-0.2009 (updated fields: resolvedHref)
  - resolvedHref: `https://my.smpte.org/s/product-details?id=a1BVR0000007NZP` → `https://pub.smpte.org/doc/ov2021-0/20091204-pub/`
#### SMPTE.OV2021-0.2012 (updated fields: resolvedHref)
  - resolvedHref: `https://my.smpte.org/s/product-details?id=a1BVR0000007NZP` → `https://pub.smpte.org/doc/ov2021-0/20120314-pub/`
#### SMPTE.OV2021-0.2013 (updated fields: resolvedHref)
  - resolvedHref: `https://my.smpte.org/s/product-details?id=a1BVR0000007NZP` → `https://pub.smpte.org/doc/ov2021-0/20131011-pub/`
#### SMPTE.OV2021-0.2017 (updated fields: resolvedHref)
  - resolvedHref: `https://my.smpte.org/s/product-details?id=a1BVR0000007NZP` → `https://pub.smpte.org/doc/ov2021-0/20170921-pub/`
#### SMPTE.OV2021-0.2019 (updated fields: resolvedHref)
  - resolvedHref: `https://my.smpte.org/s/product-details?id=a1BVR0000007NZP` → `https://pub.smpte.org/doc/ov2021-0/20190607-pub/`
#### SMPTE.RP2021-1.2019 (updated fields: resolvedHref)
  - resolvedHref: `https://my.smpte.org/s/product-details?id=a1BVR0000007Nb1` → `https://pub.smpte.org/doc/rp2021-1/20190521-pub/`
#### SMPTE.RP2021-9.2009 (updated fields: resolvedHref)
  - resolvedHref: `https://my.smpte.org/s/product-details?id=a1BVR0000007Nb3` → `https://pub.smpte.org/doc/rp2021-9/20090819-pub/`
#### SMPTE.RP2021-9.2012 (updated fields: resolvedHref)
  - resolvedHref: `https://my.smpte.org/s/product-details?id=a1BVR0000007Nb3` → `https://pub.smpte.org/doc/rp2021-9/20120314-pub/`
#### SMPTE.RP2021-9.2015 (updated fields: resolvedHref)
  - resolvedHref: `https://my.smpte.org/s/product-details?id=a1BVR0000007Nb3` → `https://pub.smpte.org/doc/rp2021-9/20151009-pub/`
#### SMPTE.ST2021-1.2009 (updated fields: resolvedHref)
  - resolvedHref: `https://my.smpte.org/s/product-details?id=a1BVR0000007Ncg` → `https://pub.smpte.org/doc/st2021-1/20091204-pub/`
#### SMPTE.ST2021-1.2012 (updated fields: resolvedHref)
  - resolvedHref: `https://my.smpte.org/s/product-details?id=a1BVR0000007Ncg` → `https://pub.smpte.org/doc/st2021-1/20120314-pub/`
#### SMPTE.ST2021-1.2015 (updated fields: resolvedHref)
  - resolvedHref: `https://my.smpte.org/s/product-details?id=a1BVR0000007Ncg` → `https://pub.smpte.org/doc/st2021-1/20151009-pub/`
#### SMPTE.ST2021-2.2009 (updated fields: resolvedHref)
  - resolvedHref: `https://my.smpte.org/s/product-details?id=a1BVR0000007Nch` → `https://pub.smpte.org/doc/st2021-2/20091204-pub/`
#### SMPTE.ST2021-2.2012 (updated fields: resolvedHref)
  - resolvedHref: `https://my.smpte.org/s/product-details?id=a1BVR0000007Nch` → `https://pub.smpte.org/doc/st2021-2/20120314-pub/`
#### SMPTE.ST2021-2.2015 (updated fields: resolvedHref)
  - resolvedHref: `https://my.smpte.org/s/product-details?id=a1BVR0000007Nch` → `https://pub.smpte.org/doc/st2021-2/20151009-pub/`
#### SMPTE.ST2021-2.2017 (updated fields: resolvedHref)
  - resolvedHref: `https://my.smpte.org/s/product-details?id=a1BVR0000007Nch` → `https://pub.smpte.org/doc/st2021-2/20170712-pub/`
#### SMPTE.ST2021-4.2018 (updated fields: resolvedHref)
  - resolvedHref: `https://my.smpte.org/s/product-details?id=a1BVR0000007Nci` → `https://pub.smpte.org/doc/st2021-4/20181231-pub/`
#### SMPTE.ST2021-4.2020 (updated fields: resolvedHref)
  - resolvedHref: `https://my.smpte.org/s/product-details?id=a1BVR0000007Nci` → `https://pub.smpte.org/doc/st2021-4/20200101-pub/`
#### SMPTE.ST2021-4.2022 (updated fields: resolvedHref)
  - resolvedHref: `https://my.smpte.org/s/product-details?id=a1BVR0000007Nci` → `https://pub.smpte.org/doc/st2021-4/20220404-pub/`
#### SMPTE.ST2022-3.2010 (updated fields: resolvedHref)
  - resolvedHref: `https://my.smpte.org/s/product-details?id=a1BVR0000008kaK` → `https://pub.smpte.org/doc/st2022-3/20100430-pub/`
#### SMPTE.ST2022-5.2012 (updated fields: resolvedHref)
  - resolvedHref: `https://my.smpte.org/s/product-details?id=a1BVR0000008kaM` → `https://pub.smpte.org/doc/st2022-5/20121009-pub/`
#### SMPTE.ST2022-7.2013 (updated fields: resolvedHref)
  - resolvedHref: `https://my.smpte.org/s/product-details?id=a1BVR0000007Nck` → `https://pub.smpte.org/doc/st2022-7/20131011-pub/`
#### SMPTE.RP2027.2007 (updated fields: resolvedHref)
  - resolvedHref: `https://my.smpte.org/s/product-details?id=a1BVR0000007Nb5` → `https://pub.smpte.org/doc/rp2027/20070710-pub/`
#### SMPTE.ST2029.2009 (updated fields: resolvedHref)
  - resolvedHref: `https://my.smpte.org/s/product-details?id=a1BVR0000007Ncl` → `https://pub.smpte.org/doc/st2029/20090310-pub/`
#### SMPTE.ST2031.2007 (updated fields: resolvedHref)
  - resolvedHref: `https://my.smpte.org/s/product-details?id=a1BVR0000007Ncm` → `https://pub.smpte.org/doc/st2031/20071107-pub/`
#### SMPTE.ST2034-1.2014 (updated fields: resolvedHref)
  - resolvedHref: `https://my.smpte.org/s/product-details?id=a1BVR0000007Ncq` → `https://pub.smpte.org/doc/st2034-1/20140815-pub/`
#### SMPTE.ST2035.2009 (updated fields: resolvedHref)
  - resolvedHref: `https://my.smpte.org/s/product-details?id=a1BVR0000007Ncr` → `https://pub.smpte.org/doc/st2035/20090723-pub/`
#### SMPTE.ST2035.2009Am1.2012 (updated fields: resolvedHref)
  - resolvedHref: `https://my.smpte.org/s/product-details?id=a1BVR0000007Ncr` → `https://pub.smpte.org/doc/st2035/20121101-am1-pub/`
#### SMPTE.OV2036-0.2012 (updated fields: resolvedHref)
  - resolvedHref: `https://my.smpte.org/s/product-details?id=a1BVR0000007NZQ` → `https://pub.smpte.org/doc/ov2036-0/20120926-pub/`
#### SMPTE.OV2036-0.2013 (updated fields: resolvedHref)
  - resolvedHref: `https://my.smpte.org/s/product-details?id=a1BVR0000007NZQ` → `https://pub.smpte.org/doc/ov2036-0/20130908-pub/`
#### SMPTE.ST2036-1.2009 (updated fields: resolvedHref)
  - resolvedHref: `https://my.smpte.org/s/product-details?id=a1BVR0000007Ncs` → `https://pub.smpte.org/doc/st2036-1/20091218-pub/`
#### SMPTE.ST2036-1.2013 (updated fields: resolvedHref)
  - resolvedHref: `https://my.smpte.org/s/product-details?id=a1BVR0000007Ncs` → `https://pub.smpte.org/doc/st2036-1/20130509-pub/`
#### SMPTE.ST2036-3.2010 (updated fields: resolvedHref)
  - resolvedHref: `https://my.smpte.org/s/product-details?id=a1BVR0000008kaQ` → `https://pub.smpte.org/doc/st2036-3/20100801-pub/`
#### SMPTE.ST2036-3.2012 (updated fields: resolvedHref)
  - resolvedHref: `https://my.smpte.org/s/product-details?id=a1BVR0000008kaQ` → `https://pub.smpte.org/doc/st2036-3/20120801-pub/`
#### SMPTE.ST2036-3.2012Am1.2015 (updated fields: resolvedHref)
  - resolvedHref: `https://my.smpte.org/s/product-details?id=a1BVR0000008kaQ` → `https://pub.smpte.org/doc/st2036-3/20150917-am1-pub/`
#### SMPTE.ST2036-3.2015 (updated fields: resolvedHref)
  - resolvedHref: `https://my.smpte.org/s/product-details?id=a1BVR0000008kaQ` → `https://pub.smpte.org/doc/st2036-3/20150917-pub/`
#### SMPTE.ST2036-4.2015 (updated fields: resolvedHref)
  - resolvedHref: `https://my.smpte.org/s/product-details?id=a1BVR0000007Nct` → `https://pub.smpte.org/doc/st2036-4/20150327-pub/`
#### SMPTE.ST2038.2008 (updated fields: resolvedHref)
  - resolvedHref: `https://my.smpte.org/s/product-details?id=a1BVR0000007Ncv` → `https://pub.smpte.org/doc/st2038/20080918-pub/`
#### SMPTE.RP2042-3.2010 (updated fields: resolvedHref)
  - resolvedHref: `https://my.smpte.org/s/product-details?id=a1BVR0000007Nb7` → `https://pub.smpte.org/doc/rp2042-3/20100721-pub/`
#### SMPTE.ST2042-1.2009 (updated fields: resolvedHref)
  - resolvedHref: `https://my.smpte.org/s/product-details?id=a1BVR0000007Ncy` → `https://pub.smpte.org/doc/st2042-1/20091102-pub/`
#### SMPTE.ST2042-1.2012 (updated fields: resolvedHref)
  - resolvedHref: `https://my.smpte.org/s/product-details?id=a1BVR0000007Ncy` → `https://pub.smpte.org/doc/st2042-1/20120802-pub/`
#### SMPTE.ST2042-1.2017 (updated fields: resolvedHref)
  - resolvedHref: `https://my.smpte.org/s/product-details?id=a1BVR0000007Ncy` → `https://pub.smpte.org/doc/st2042-1/20170501-pub/`
#### SMPTE.ST2042-2.2009 (updated fields: resolvedHref)
  - resolvedHref: `https://my.smpte.org/s/product-details?id=a1BVR0000007Ncz` → `https://pub.smpte.org/doc/st2042-2/20091102-pub/`
#### SMPTE.ST2042-4.2016 (updated fields: resolvedHref)
  - resolvedHref: `https://my.smpte.org/s/product-details?id=a1BVR0000007Nd0` → `https://pub.smpte.org/doc/st2042-4/20160824-pub/`
#### SMPTE.RP2047-1.2009 (updated fields: resolvedHref)
  - resolvedHref: `https://my.smpte.org/s/product-details?id=a1BVR0000008kYc` → `https://pub.smpte.org/doc/rp2047-1/20091109-pub/`
#### SMPTE.RP2047-3.2011 (updated fields: resolvedHref)
  - resolvedHref: `https://my.smpte.org/s/product-details?id=a1BVR0000008kYd` → `https://pub.smpte.org/doc/rp2047-3/20110525-pub/`
#### SMPTE.RP2047-3.2016 (updated fields: resolvedHref)
  - resolvedHref: `https://my.smpte.org/s/product-details?id=a1BVR0000008kYd` → `https://pub.smpte.org/doc/rp2047-3/20160810-pub/`
#### SMPTE.RP2047-5.2017 (updated fields: resolvedHref)
  - resolvedHref: `https://my.smpte.org/s/product-details?id=a1BVR0000008kYe` → `https://pub.smpte.org/doc/rp2047-5/20170701-pub/`
#### SMPTE.OV2048-0.2011 (updated fields: resolvedHref)
  - resolvedHref: `https://my.smpte.org/s/product-details?id=a1BVR0000007NZR` → `https://pub.smpte.org/doc/ov2048-0/20110330-pub/`
#### SMPTE.ST2048-1.2011 (updated fields: resolvedHref)
  - resolvedHref: `https://my.smpte.org/s/product-details?id=a1BVR0000008kaS` → `https://pub.smpte.org/doc/st2048-1/20110330-pub/`
#### SMPTE.ST2048-1.2011Am1.2016 (updated fields: resolvedHref)
  - resolvedHref: `https://my.smpte.org/s/product-details?id=a1BVR0000008kaS` → `https://pub.smpte.org/doc/st2048-1/20160405-am1-pub/`
#### SMPTE.ST2048-2.2011 (updated fields: resolvedHref)
  - resolvedHref: `https://my.smpte.org/s/product-details?id=a1BVR0000008kaT` → `https://pub.smpte.org/doc/st2048-2/20110330-pub/`
#### SMPTE.ST2048-3.2012 (updated fields: resolvedHref)
  - resolvedHref: `https://my.smpte.org/s/product-details?id=a1BVR0000007Nd5` → `https://pub.smpte.org/doc/st2048-3/20120221-pub/`
#### SMPTE.ST2051.2010 (updated fields: resolvedHref)
  - resolvedHref: `https://my.smpte.org/s/product-details?id=a1BVR0000008kaV` → `https://pub.smpte.org/doc/st2051/20100906-pub/`
#### SMPTE.ST2051.2010Am1.2013 (updated fields: resolvedHref)
  - resolvedHref: `https://my.smpte.org/s/product-details?id=a1BVR0000008kaV` → `https://pub.smpte.org/doc/st2051/20130829-am1-pub/`
#### SMPTE.OV2052-0.2010 (updated fields: resolvedHref)
  - resolvedHref: `https://my.smpte.org/s/product-details?id=a1BVR0000007NZS` → `https://pub.smpte.org/doc/ov2052-0/20101203-pub/`
#### SMPTE.RP2052-10.2010 (updated fields: resolvedHref)
  - resolvedHref: `https://my.smpte.org/s/product-details?id=a1BVR0000007NbA` → `https://pub.smpte.org/doc/rp2052-10/20101129-pub/`
#### SMPTE.RP2052-10.2012 (updated fields: resolvedHref)
  - resolvedHref: `https://my.smpte.org/s/product-details?id=a1BVR0000007NbA` → `https://pub.smpte.org/doc/rp2052-10/20120103-pub/`
#### SMPTE.ST2052-1.2010 (updated fields: resolvedHref)
  - resolvedHref: `https://my.smpte.org/s/product-details?id=a1BVR0000007Nd7` → `https://pub.smpte.org/doc/st2052-1/20101203-pub/`
#### SMPTE.RP2057.2011 (updated fields: resolvedHref)
  - resolvedHref: `https://my.smpte.org/s/product-details?id=a1BVR0000007NbC` → `https://pub.smpte.org/doc/rp2057/20110415-pub/`
#### SMPTE.EG2059-10.2016 (updated fields: resolvedHref)
  - resolvedHref: `https://my.smpte.org/s/product-details?id=a1BVR0000007NYy` → `https://pub.smpte.org/doc/eg2059-10/20160715-pub/`
#### SMPTE.ST2059-1.2015 (updated fields: resolvedHref)
  - resolvedHref: `https://my.smpte.org/s/product-details?id=a1BVR0000007NdA` → `https://pub.smpte.org/doc/st2059-1/20150326-pub/`
#### SMPTE.ST2059-2.2015 (updated fields: resolvedHref)
  - resolvedHref: `https://my.smpte.org/s/product-details?id=a1BVR0000008kaX` → `https://pub.smpte.org/doc/st2059-2/20150326-pub/`
#### SMPTE.ST2065-1.2012 (updated fields: resolvedHref)
  - resolvedHref: `https://my.smpte.org/s/product-details?id=a1BVR0000007NdE` → `https://pub.smpte.org/doc/st2065-1/20120312-pub/`
#### SMPTE.ST2065-2.2012 (updated fields: resolvedHref)
  - resolvedHref: `https://my.smpte.org/s/product-details?id=a1BVR0000008kaZ` → `https://pub.smpte.org/doc/st2065-2/20120312-pub/`
#### SMPTE.ST2065-3.2012 (updated fields: resolvedHref)
  - resolvedHref: `https://my.smpte.org/s/product-details?id=a1BVR0000007NdF` → `https://pub.smpte.org/doc/st2065-3/20120312-pub/`
#### SMPTE.ST2065-4.2013 (updated fields: resolvedHref)
  - resolvedHref: `https://my.smpte.org/s/product-details?id=a1BVR0000007NdG` → `https://pub.smpte.org/doc/st2065-4/20130510-pub/`
#### SMPTE.ST2065-5.2016 (updated fields: resolvedHref)
  - resolvedHref: `https://my.smpte.org/s/product-details?id=a1BVR0000007NdH` → `https://pub.smpte.org/doc/st2065-5/20161011-pub/`
#### SMPTE.OV2067-0.2017 (updated fields: resolvedHref)
  - resolvedHref: `https://my.smpte.org/s/product-details?id=a1BVR0000007NZT` → `https://pub.smpte.org/doc/ov2067-0/20170201-pub/`
#### SMPTE.OV2067-0.2018 (updated fields: resolvedHref)
  - resolvedHref: `https://my.smpte.org/s/product-details?id=a1BVR0000007NZT` → `https://pub.smpte.org/doc/ov2067-0/20180622-pub/`
#### SMPTE.ST2067-101.2014 (updated fields: resolvedHref)
  - resolvedHref: `https://my.smpte.org/s/product-details?id=a1BVR0000007NdK` → `https://pub.smpte.org/doc/st2067-101/20141212-pub/`
#### SMPTE.ST2067-102.2014 (updated fields: resolvedHref)
  - resolvedHref: `https://my.smpte.org/s/product-details?id=a1BVR0000007NdL` → `https://pub.smpte.org/doc/st2067-102/20141212-pub/`
#### SMPTE.ST2067-102.2017 (updated fields: resolvedHref)
  - resolvedHref: `https://my.smpte.org/s/product-details?id=a1BVR0000007NdL` → `https://pub.smpte.org/doc/st2067-102/20170830-pub/`
#### SMPTE.ST2067-103.2014 (updated fields: resolvedHref)
  - resolvedHref: `https://my.smpte.org/s/product-details?id=a1BVR0000007NdM` → `https://pub.smpte.org/doc/st2067-103/20141212-pub/`
#### SMPTE.ST2067-2.2013 (updated fields: resolvedHref)
  - resolvedHref: `https://my.smpte.org/s/product-details?id=a1BVR0000007NdN` → `https://pub.smpte.org/doc/st2067-2/20130829-pub/`
#### SMPTE.ST2067-2.2016 (updated fields: resolvedHref)
  - resolvedHref: `https://my.smpte.org/s/product-details?id=a1BVR0000007NdN` → `https://pub.smpte.org/doc/st2067-2/20160518-pub/`
#### SMPTE.ST2067-20.2013 (updated fields: resolvedHref)
  - resolvedHref: `https://my.smpte.org/s/product-details?id=a1BVR0000007NdO` → `https://pub.smpte.org/doc/st2067-20/20130829-pub/`
#### SMPTE.ST2067-201.2019 (updated fields: resolvedHref)
  - resolvedHref: `https://my.smpte.org/s/product-details?id=a1BVR0000007NdQ` → `https://pub.smpte.org/doc/st2067-201/20190619-pub/`
#### SMPTE.ST2067-21.2014 (updated fields: resolvedHref)
  - resolvedHref: `https://my.smpte.org/s/product-details?id=a1BVR0000007NdS` → `https://pub.smpte.org/doc/st2067-21/20140714-pub/`
#### SMPTE.ST2067-21.2016 (updated fields: resolvedHref)
  - resolvedHref: `https://my.smpte.org/s/product-details?id=a1BVR0000007NdS` → `https://pub.smpte.org/doc/st2067-21/20160518-pub/`
#### SMPTE.ST2067-21.2020 (updated fields: resolvedHref)
  - resolvedHref: `https://my.smpte.org/s/product-details?id=a1BVR0000007NdS` → `https://pub.smpte.org/doc/st2067-21/20200407-pub/`
#### SMPTE.ST2067-21.2020Am1.2020 (updated fields: resolvedHref)
  - resolvedHref: `https://my.smpte.org/s/product-details?id=a1BVR0000007NdS` → `https://pub.smpte.org/doc/st2067-21/20201014-am1-pub/`
#### SMPTE.ST2067-3.2013 (updated fields: resolvedHref)
  - resolvedHref: `https://my.smpte.org/s/product-details?id=a1BVR0000007NdT` → `https://pub.smpte.org/doc/st2067-3/20130221-pub/`
#### SMPTE.ST2067-3.2016 (updated fields: resolvedHref)
  - resolvedHref: `https://my.smpte.org/s/product-details?id=a1BVR0000007NdT` → `https://pub.smpte.org/doc/st2067-3/20160518-pub/`
#### SMPTE.ST2067-40.2016 (updated fields: resolvedHref)
  - resolvedHref: `https://my.smpte.org/s/product-details?id=a1BVR0000007NdV` → `https://pub.smpte.org/doc/st2067-40/20160813-pub/`
#### SMPTE.ST2067-40.2016Am1.2017 (updated fields: resolvedHref)
  - resolvedHref: `https://my.smpte.org/s/product-details?id=a1BVR0000007NdV` → `https://pub.smpte.org/doc/st2067-40/20171227-am1-pub/`
#### SMPTE.ST2067-5.2013 (updated fields: resolvedHref)
  - resolvedHref: `https://my.smpte.org/s/product-details?id=a1BVR0000007NdW` → `https://pub.smpte.org/doc/st2067-5/20130221-pub/`
#### SMPTE.ST2067-5.2013Am1.2016 (updated fields: resolvedHref)
  - resolvedHref: `https://my.smpte.org/s/product-details?id=a1BVR0000007NdW` → `https://pub.smpte.org/doc/st2067-5/20160518-am1-pub/`
#### SMPTE.ST2071-1.2012 (updated fields: resolvedHref)
  - resolvedHref: `https://my.smpte.org/s/product-details?id=a1BVR0000007Ndf` → `https://pub.smpte.org/doc/st2071-1/20121008-pub/`
#### SMPTE.ST2071-1.2014 (updated fields: resolvedHref)
  - resolvedHref: `https://my.smpte.org/s/product-details?id=a1BVR0000007Ndf` → `https://pub.smpte.org/doc/st2071-1/20140513-pub/`
#### SMPTE.ST2071-2.2013 (updated fields: resolvedHref)
  - resolvedHref: `https://my.smpte.org/s/product-details?id=a1BVR0000007Ndg` → `https://pub.smpte.org/doc/st2071-2/20130628-pub/`
#### SMPTE.ST2071-2.2014 (updated fields: resolvedHref)
  - resolvedHref: `https://my.smpte.org/s/product-details?id=a1BVR0000007Ndg` → `https://pub.smpte.org/doc/st2071-2/20140513-pub/`
#### SMPTE.OV2073-0.2016 (updated fields: resolvedHref)
  - resolvedHref: `https://my.smpte.org/s/product-details?id=a1BVR0000007NZU` → `https://pub.smpte.org/doc/ov2073-0/20160427-pub/`
#### SMPTE.OV2073-0.2018 (updated fields: resolvedHref)
  - resolvedHref: `https://my.smpte.org/s/product-details?id=a1BVR0000007NZU` → `https://pub.smpte.org/doc/ov2073-0/20180328-pub/`
#### SMPTE.RP2073-2.2014 (updated fields: resolvedHref)
  - resolvedHref: `https://my.smpte.org/s/product-details?id=a1BVR0000007NbH` → `https://pub.smpte.org/doc/rp2073-2/20140401-pub/`
#### SMPTE.RP2073-2.2015 (updated fields: resolvedHref)
  - resolvedHref: `https://my.smpte.org/s/product-details?id=a1BVR0000007NbH` → `https://pub.smpte.org/doc/rp2073-2/20151009-pub/`
#### SMPTE.RP2073-2.2017 (updated fields: resolvedHref)
  - resolvedHref: `https://my.smpte.org/s/product-details?id=a1BVR0000007NbH` → `https://pub.smpte.org/doc/rp2073-2/20171123-pub/`
#### SMPTE.ST2073-1.2014 (updated fields: resolvedHref)
  - resolvedHref: `https://my.smpte.org/s/product-details?id=a1BVR0000007Ndi` → `https://pub.smpte.org/doc/st2073-1/20140312-pub/`
#### SMPTE.RP2079.2013 (updated fields: resolvedHref)
  - resolvedHref: `https://my.smpte.org/s/product-details?id=a1BVR0000008kYk` → `https://pub.smpte.org/doc/rp2079/20131107-pub/`
#### SMPTE.RP2079.2017 (updated fields: resolvedHref)
  - resolvedHref: `https://my.smpte.org/s/product-details?id=a1BVR0000008kYk` → `https://pub.smpte.org/doc/rp2079/20170703-pub/`
#### SMPTE.OV2081-0.2015 (updated fields: resolvedHref)
  - resolvedHref: `https://my.smpte.org/s/product-details?id=a1BVR0000008kXT` → `https://pub.smpte.org/doc/ov2081-0/20150204-pub/`
#### SMPTE.OV2081-0.2016 (updated fields: resolvedHref)
  - resolvedHref: `https://my.smpte.org/s/product-details?id=a1BVR0000008kXT` → `https://pub.smpte.org/doc/ov2081-0/20160715-pub/`
#### SMPTE.ST2081-1.2015 (updated fields: resolvedHref)
  - resolvedHref: `https://my.smpte.org/s/product-details?id=a1BVR0000007Nds` → `https://pub.smpte.org/doc/st2081-1/20150204-pub/`
#### SMPTE.ST2081-1.2015Am1.2016 (updated fields: resolvedHref)
  - resolvedHref: `https://my.smpte.org/s/product-details?id=a1BVR0000007Nds` → `https://pub.smpte.org/doc/st2081-1/20161017-am1-pub/`
#### SMPTE.ST2081-10.2015 (updated fields: resolvedHref)
  - resolvedHref: `https://my.smpte.org/s/product-details?id=a1BVR0000008kac` → `https://pub.smpte.org/doc/st2081-10/20150204-pub/`
#### SMPTE.ST2081-11.2016 (updated fields: resolvedHref)
  - resolvedHref: `https://my.smpte.org/s/product-details?id=a1BVR0000008kad` → `https://pub.smpte.org/doc/st2081-11/20160615-pub/`
#### SMPTE.ST2081-12.2016 (updated fields: resolvedHref)
  - resolvedHref: `https://my.smpte.org/s/product-details?id=a1BVR0000008kae` → `https://pub.smpte.org/doc/st2081-12/20160615-pub/`
#### SMPTE.OV2082-0.2015 (updated fields: resolvedHref)
  - resolvedHref: `https://my.smpte.org/s/product-details?id=a1BVR0000007NZV` → `https://pub.smpte.org/doc/ov2082-0/20150204-pub/`
#### SMPTE.OV2082-0.2016 (updated fields: resolvedHref)
  - resolvedHref: `https://my.smpte.org/s/product-details?id=a1BVR0000007NZV` → `https://pub.smpte.org/doc/ov2082-0/20160715-pub/`
#### SMPTE.ST2082-1.2015 (updated fields: resolvedHref)
  - resolvedHref: `https://my.smpte.org/s/product-details?id=a1BVR0000007Ndu` → `https://pub.smpte.org/doc/st2082-1/20150204-pub/`
#### SMPTE.ST2082-1.2015Am1.2016 (updated fields: resolvedHref)
  - resolvedHref: `https://my.smpte.org/s/product-details?id=a1BVR0000007Ndu` → `https://pub.smpte.org/doc/st2082-1/20161014-am1-pub/`
#### SMPTE.ST2082-10.2015 (updated fields: resolvedHref)
  - resolvedHref: `https://my.smpte.org/s/product-details?id=a1BVR0000008kaf` → `https://pub.smpte.org/doc/st2082-10/20150204-pub/`
#### SMPTE.ST2082-11.2016 (updated fields: resolvedHref)
  - resolvedHref: `https://my.smpte.org/s/product-details?id=a1BVR0000008kag` → `https://pub.smpte.org/doc/st2082-11/20160615-pub/`
#### SMPTE.ST2082-12.2016 (updated fields: resolvedHref)
  - resolvedHref: `https://my.smpte.org/s/product-details?id=a1BVR0000008kah` → `https://pub.smpte.org/doc/st2082-12/20160615-pub/`
#### SMPTE.ST2086.2014 (updated fields: resolvedHref)
  - resolvedHref: `https://my.smpte.org/s/product-details?id=a1BVR0000008kal` → `https://pub.smpte.org/doc/st2086/20141013-pub/`
#### SMPTE.RP2092-1.2015 (updated fields: resolvedHref)
  - resolvedHref: `https://my.smpte.org/s/product-details?id=a1BVR0000007NbM` → `https://pub.smpte.org/doc/rp2092-1/20150401-pub/`
#### SMPTE.ST2094-10.2016 (updated fields: resolvedHref)
  - resolvedHref: `https://my.smpte.org/s/product-details?id=a1BVR0000007Ndz` → `https://pub.smpte.org/doc/st2094-10/20160518-pub/`
#### SMPTE.ST2094-2.2017 (updated fields: resolvedHref)
  - resolvedHref: `https://my.smpte.org/s/product-details?id=a1BVR0000007Ne0` → `https://pub.smpte.org/doc/st2094-2/20170106-pub/`
#### SMPTE.ST2094-40.2016 (updated fields: resolvedHref)
  - resolvedHref: `https://my.smpte.org/s/product-details?id=a1BVR0000007Ne3` → `https://pub.smpte.org/doc/st2094-40/20160824-pub/`
#### SMPTE.ST2095-1.2015 (updated fields: resolvedHref)
  - resolvedHref: `https://my.smpte.org/s/product-details?id=a1BVR0000007Ne4` → `https://pub.smpte.org/doc/st2095-1/20150901-pub/`
#### SMPTE.ST2098-2.2018 (updated fields: resolvedHref)
  - resolvedHref: `https://my.smpte.org/s/product-details?id=a1BVR0000007Ne6` → `https://pub.smpte.org/doc/st2098-2/20180618-pub/`
#### SMPTE.ST2098-2.2019 (updated fields: resolvedHref)
  - resolvedHref: `https://my.smpte.org/s/product-details?id=a1BVR0000007Ne6` → `https://pub.smpte.org/doc/st2098-2/20190529-pub/`
#### SMPTE.ST2110-10.2017 (updated fields: resolvedHref)
  - resolvedHref: `https://my.smpte.org/s/product-details?id=a1BVR0000008kar` → `https://pub.smpte.org/doc/st2110-10/20170918-pub/`
#### SMPTE.ST2110-20.2017 (updated fields: resolvedHref)
  - resolvedHref: `https://my.smpte.org/s/product-details?id=a1BVR0000008kas` → `https://pub.smpte.org/doc/st2110-20/20170918-pub/`
#### SMPTE.ST2110-21.2017 (updated fields: resolvedHref)
  - resolvedHref: `https://my.smpte.org/s/product-details?id=a1BVR0000008kat` → `https://pub.smpte.org/doc/st2110-21/20171122-pub/`
#### SMPTE.ST2110-22.2019 (updated fields: resolvedHref)
  - resolvedHref: `https://my.smpte.org/s/product-details?id=a1BVR0000008kau` → `https://pub.smpte.org/doc/st2110-22/20190711-pub/`
#### SMPTE.ST2110-30.2017 (updated fields: resolvedHref)
  - resolvedHref: `https://my.smpte.org/s/product-details?id=a1BVR0000007NeE` → `https://pub.smpte.org/doc/st2110-30/20170918-pub/`
#### SMPTE.ST2110-31.2018 (updated fields: resolvedHref)
  - resolvedHref: `https://my.smpte.org/s/product-details?id=a1BVR0000008kav` → `https://pub.smpte.org/doc/st2110-31/20180727-pub/`
#### SMPTE.ST2110-40.2018 (updated fields: resolvedHref)
  - resolvedHref: `https://my.smpte.org/s/product-details?id=a1BVR0000008kaw` → `https://pub.smpte.org/doc/st2110-40/20180412-pub/`
#### SMPTE.EG2112-2.2018 (updated fields: resolvedHref)
  - resolvedHref: `https://my.smpte.org/s/product-details?id=a1BVR0000007NZ6` → `https://pub.smpte.org/doc/eg2112-2/20180816-pub/`
#### SMPTE.RP2112-1.2018 (updated fields: resolvedHref)
  - resolvedHref: `https://my.smpte.org/s/product-details?id=a1BVR0000007NbU` → `https://pub.smpte.org/doc/rp2112-1/20180816-pub/`
#### SMPTE.RP2112-11.2018 (updated fields: resolvedHref)
  - resolvedHref: `https://my.smpte.org/s/product-details?id=a1BVR0000007NbV` → `https://pub.smpte.org/doc/rp2112-11/20180321-pub/`
#### SMPTE.RP2112-21.2018 (updated fields: resolvedHref)
  - resolvedHref: `https://my.smpte.org/s/product-details?id=a1BVR0000007NbW` → `https://pub.smpte.org/doc/rp2112-21/20180417-pub/`
#### SMPTE.ST2112-10.2018 (updated fields: resolvedHref)
  - resolvedHref: `https://my.smpte.org/s/product-details?id=a1BVR0000007NeF` → `https://pub.smpte.org/doc/st2112-10/20180316-pub/`
#### SMPTE.ST2112-20.2018 (updated fields: resolvedHref)
  - resolvedHref: `https://my.smpte.org/s/product-details?id=a1BVR0000007NeG` → `https://pub.smpte.org/doc/st2112-20/20180416-pub/`
#### SMPTE.ST2115.2019 (updated fields: resolvedHref)
  - resolvedHref: `https://my.smpte.org/s/product-details?id=a1BVR0000007NeJ` → `https://pub.smpte.org/doc/st2115/20190312-pub/`
#### SMPTE.ST2117-1.2020 (updated fields: resolvedHref)
  - resolvedHref: `https://my.smpte.org/s/product-details?id=a1BVR000000OZj0` → `https://pub.smpte.org/doc/st2117-1/20200513-pub/`

### ⚠️ Skipped 933 duplicate(s)
- SMPTE.EG1.1990
- SMPTE.RDD1.2003
- SMPTE.ST1.1996
- SMPTE.EG2.1999
- SMPTE.RDD2.2007
- SMPTE.EG3.1994
- SMPTE.RDD3.2008
- SMPTE.ST3.1998
- SMPTE.RDD4.2005
- SMPTE.ST4.1995
- SMPTE.EG5.2003
- SMPTE.RDD5.2006
- SMPTE.ST5.1995
- SMPTE.RDD6.2008
- SMPTE.RP6.1994
- SMPTE.ST6.1998
- SMPTE.EG7.1994
- SMPTE.ST7.2004
- SMPTE.EG8.1993
- SMPTE.RDD8.2008
- SMPTE.ST8.1995
- SMPTE.EG9.2005
- SMPTE.RDD9.2013
- SMPTE.RP9.1995
- SMPTE.EG10.2003
- SMPTE.RDD10.2006
- SMPTE.RDD11.2007
- SMPTE.RP11.1994
- SMPTE.ST11.1995
- SMPTE.ST12-1.2014
- SMPTE.ST12-2.2014
- SMPTE.ST12-3.2016
- SMPTE.EG12.1994
- SMPTE.RP12.1997
- SMPTE.EG13.2012
- SMPTE.EG14.2005
- SMPTE.RDD14.2010
- SMPTE.RP14.1997
- SMPTE.EG15.2005
- SMPTE.RDD15.2007
- SMPTE.RP15.1997
- SMPTE.ST15.1998
- SMPTE.EG16.2014
- SMPTE.RDD16.2008
- SMPTE.RP16.1993
- SMPTE.ST16.1998
- SMPTE.EG17.2002
- SMPTE.RDD17.2009
- SMPTE.RP17.1964
- SMPTE.ST17.1998
- SMPTE.EG18.1994
- SMPTE.RDD18.2021
- SMPTE.RP18.1995
- SMPTE.ST18.2003
- SMPTE.RDD19.2011
- SMPTE.RP19.2003
- SMPTE.ST19.2003
- SMPTE.EG20.1997
- SMPTE.RDD20.2010
- SMPTE.RP20.2003
- SMPTE.ST20.2003
- SMPTE.EG21.1997
- SMPTE.RP21.2015
- SMPTE.ST21.1997
- SMPTE.EG22.1997
- SMPTE.RDD22.2012
- SMPTE.ST22.1997
- SMPTE.EG23.2005
- SMPTE.EG24.1995
- SMPTE.RDD24.2013
- SMPTE.RP24.1997
- SMPTE.ST24.1996
- SMPTE.EG25.2003
- SMPTE.RDD25.2014
- SMPTE.RP25.2011
- SMPTE.ST25.1995
- SMPTE.EG26.1995
- SMPTE.RDD26.2015
- SMPTE.ST26.1995
- SMPTE.RP27-1.1989
- SMPTE.RP27-2.1989
- SMPTE.RP27-3.1989
- SMPTE.RP27-4.1994
- SMPTE.RP27-5.1989
- SMPTE.EG27.2004
- SMPTE.EG28.1993
- SMPTE.RDD28.2014
- SMPTE.EG29.1993
- SMPTE.RDD29.2018
- SMPTE.ST29.1995
- SMPTE.EG30.1995
- SMPTE.RDD30.2014
- SMPTE.ST30.1995
- SMPTE.EG31.1995
- SMPTE.RDD31.2014
- SMPTE.ST31.2003
- SMPTE.EG32.1996
- SMPTE.RDD32.2017
- SMPTE.RP32.1995
- SMPTE.ST32.1998
- SMPTE.EG33.2004
- SMPTE.RDD33.2015
- SMPTE.EG34.2004
- SMPTE.RDD34.2015
- SMPTE.RP34.1997
- SMPTE.EG35.2012
- SMPTE.RDD35.2016
- SMPTE.ST35.1997
- SMPTE.EG36.2000
- SMPTE.RDD36.2022
- SMPTE.RP36.1999
- SMPTE.EG37.2001
- SMPTE.RDD37.2016
- SMPTE.ST37.1994
- SMPTE.EG38.2001
- SMPTE.RDD38.2016
- SMPTE.RP38.1989
- SMPTE.EG39.2003
- SMPTE.RDD39.2016
- SMPTE.RP39.1993
- SMPTE.EG40.2016
- SMPTE.RDD40.2016
- SMPTE.RP40.2003
- SMPTE.ST40.2002
- SMPTE.EG41.2004
- SMPTE.RDD41.2016
- SMPTE.ST41.2004
- SMPTE.EG42.2015
- SMPTE.RDD42.2016
- SMPTE.EG43.2009
- SMPTE.RDD43.2016
- SMPTE.EG44.2005
- SMPTE.RDD44.2017
- SMPTE.RDD44.2022
- SMPTE.RDD45.2022
- SMPTE.RP45.1972
- SMPTE.RDD46.2019
- SMPTE.RDD47.2018
- SMPTE.RP47.1999
- SMPTE.RDD48.2018Am1.2022
- SMPTE.RP48.1999
- SMPTE.ST48.1995
- SMPTE.RDD49.2019
- SMPTE.RP49.1995
- SMPTE.RDD50.2019
- SMPTE.RP50.1995
- SMPTE.RDD51.2020
- SMPTE.RP51.1995
- SMPTE.RDD52.2020
- SMPTE.RP53.1993
- SMPTE.RDD54.2022
- SMPTE.RP54.1999
- SMPTE.RDD55.2022
- SMPTE.RP55.1997
- SMPTE.ST55.2010
- SMPTE.RDD56.2021
- SMPTE.RP56.2002
- SMPTE.ST56.2005
- SMPTE.RDD57.2021
- SMPTE.RDD58.2021
- SMPTE.RP58.1995
- SMPTE.RDD59-1.2022
- SMPTE.RP59.1999
- SMPTE.ST59.1998
- SMPTE.RDD60.2025-05
- SMPTE.RDD61.2025-05
- SMPTE.RP63.2002
- SMPTE.RP64.1999
- SMPTE.RP65.2000
- SMPTE.RP67.2002
- SMPTE.RP68.2002
- SMPTE.RP69.2002
- SMPTE.RP70.2002
- SMPTE.RP73.1992
- SMPTE.ST73.2003
- SMPTE.RP74.1992
- SMPTE.ST74.1993
- SMPTE.RP75.2002
- SMPTE.ST75.1994
- SMPTE.RP76.2002
- SMPTE.ST76.1996
- SMPTE.RP77.2004
- SMPTE.RP78.2002
- SMPTE.RP79.1999
- SMPTE.RP81.2004
- SMPTE.RP82.2005
- SMPTE.RP83.1996
- SMPTE.ST83.1996
- SMPTE.RP84.1996
- SMPTE.RP85.1999
- SMPTE.RP86.1990
- SMPTE.ST86.2005
- SMPTE.RP87.1999
- SMPTE.ST87.1996
- SMPTE.RP90.2004
- SMPTE.RP91.2014
- SMPTE.RP92.1995
- SMPTE.RP93.1999
- SMPTE.ST93.2005
- SMPTE.RP94.2000
- SMPTE.RP95.2003
- SMPTE.RP96.1993
- SMPTE.ST96.2004
- SMPTE.RP97.2002
- SMPTE.ST97.2004
- SMPTE.RP98.1995
- SMPTE.ST101.2003
- SMPTE.ST102.2002
- SMPTE.RP103.1994
- SMPTE.RP104.2005
- SMPTE.RP105.2003
- SMPTE.RP106.1994
- SMPTE.RP107.1993
- SMPTE.RP109.1994
- SMPTE.ST109.2003
- SMPTE.RP110.1992
- SMPTE.RP111.1999
- SMPTE.ST111.2001
- SMPTE.ST112.2004
- SMPTE.RP113.1996
- SMPTE.RP114.1994
- SMPTE.RP115.1997
- SMPTE.RP116.2000
- SMPTE.ST117.2001
- SMPTE.ST119.2011
- SMPTE.RP120.2005
- SMPTE.RP121.1997
- SMPTE.RP122.1993
- SMPTE.RP123.2004
- SMPTE.RP124.1998
- SMPTE.ST125.2013
- SMPTE.RP127.2004
- SMPTE.ST127.2003
- SMPTE.RP128.2002
- SMPTE.RP129.1995
- SMPTE.RP130.2004
- SMPTE.RP131.2002
- SMPTE.RP132.1994
- SMPTE.RP133.1991
- SMPTE.RP134.1994
- SMPTE.RP135.2004
- SMPTE.RP136.2004
- SMPTE.ST137.2000
- SMPTE.RP138.1996
- SMPTE.RP139.1997
- SMPTE.ST139.2003
- SMPTE.RP140.2005
- SMPTE.RP141.2020
- SMPTE.RP142.2004
- SMPTE.RP143.2004
- SMPTE.ST143.1994
- SMPTE.RP144.1999
- SMPTE.RP145.2004
- SMPTE.ST145.2004
- SMPTE.ST146.2001
- SMPTE.RP148.1987
- SMPTE.ST148.2002
- SMPTE.RP149.1992
- SMPTE.ST149.2004
- SMPTE.RP150.2000
- SMPTE.RP151.1999
- SMPTE.ST151.2004
- SMPTE.RP152.1994
- SMPTE.ST152.2003
- SMPTE.RP153.1999
- SMPTE.ST153.2001
- SMPTE.ST154.2003
- SMPTE.RP155.2014
- SMPTE.RP156.1999
- SMPTE.RP157.2012
- SMPTE.ST157.1999
- SMPTE.RP158.1999
- SMPTE.ST159-1.2001
- SMPTE.ST159-2.2001
- SMPTE.RP160.1997
- SMPTE.ST160.1995
- SMPTE.RP161.1999
- SMPTE.ST161.1998
- SMPTE.RP162.1993
- SMPTE.ST162.1998
- SMPTE.RP163.1992
- SMPTE.ST163.1998
- SMPTE.ST164.2002
- SMPTE.RP165.1994
- SMPTE.ST165.1994
- SMPTE.RP166.1995
- SMPTE.ST166.2004
- SMPTE.RP167.1995
- SMPTE.RP168.2009
- SMPTE.ST168.2001
- SMPTE.RP169.1995
- SMPTE.ST169.2002
- SMPTE.RP170.1993
- SMPTE.ST170.2004
- SMPTE.RP171.1993
- SMPTE.ST171.2001
- SMPTE.RP172.1993
- SMPTE.RP173.2002
- SMPTE.ST173.2004
- SMPTE.RP174.1993
- SMPTE.ST174.1994
- SMPTE.RP175.1997
- SMPTE.RP176.1997
- SMPTE.ST176.1999
- SMPTE.RP177.1993
- SMPTE.ST177.1995
- SMPTE.RP178.2004
- SMPTE.RP179.2002
- SMPTE.ST179.1996
- SMPTE.RP180.1999
- SMPTE.RP181.1999
- SMPTE.ST181.2001
- SMPTE.RP182.1995
- SMPTE.RP183.2004
- SMPTE.ST183.1996
- SMPTE.RP184.2015
- SMPTE.ST184.1998
- SMPTE.RP185.2004
- SMPTE.ST185.2011
- SMPTE.RP186.2008
- SMPTE.RP187.1995
- SMPTE.RP189.1996
- SMPTE.RP190.1996
- SMPTE.RP191.1996
- SMPTE.RP192.2015
- SMPTE.ST192.1997
- SMPTE.RP194.2004
- SMPTE.ST194.2002
- SMPTE.RP195.2004
- SMPTE.ST195.2000
- SMPTE.ST196.2003
- SMPTE.RP197.2003
- SMPTE.ST197.2003
- SMPTE.RP198.1998
- SMPTE.ST198.2003
- SMPTE.RP199.2004
- SMPTE.ST199.2003
- SMPTE.RP200.2012
- SMPTE.ST200.2003
- SMPTE.RP201.2008
- SMPTE.ST201.1996
- SMPTE.RP202.2008
- SMPTE.ST202.2010
- SMPTE.RP203.2000
- SMPTE.ST203.2011
- SMPTE.RP204.2000
- SMPTE.RP205.2014
- SMPTE.ST205.1993
- SMPTE.RP206.1999
- SMPTE.ST206.1998
- SMPTE.RP207.2005
- SMPTE.ST207.1997
- SMPTE.RP208.2002
- SMPTE.ST208.1992
- SMPTE.RP209.2000
- SMPTE.ST209.1996
- SMPTE.RP210.2007
- SMPTE.RP210.2012
- SMPTE.ST210.2004
- SMPTE.RP211.2000
- SMPTE.ST211.2001
- SMPTE.RP212.2002
- SMPTE.ST212.1995
- SMPTE.RP213.2001
- SMPTE.RP214.2002
- SMPTE.ST214.2007
- SMPTE.RP215.2009
- SMPTE.ST215.1995
- SMPTE.RP216.2002
- SMPTE.ST216.1998
- SMPTE.RP217.2001
- SMPTE.ST217.2015
- SMPTE.RP218.2009
- SMPTE.ST218.1996
- SMPTE.RP219-1.2014
- SMPTE.RP219-2.2016
- SMPTE.RP219.2002
- SMPTE.RP220.2004
- SMPTE.ST220.1996
- SMPTE.RP221.2008
- SMPTE.ST221.2003
- SMPTE.RP222.2003
- SMPTE.ST222.1994
- SMPTE.RP223.2003
- SMPTE.ST223.2001
- SMPTE.RP224.2011
- SMPTE.RP224.2012
- SMPTE.ST224.2003
- SMPTE.RP225.2005
- SMPTE.ST225.2003
- SMPTE.ST226.1996
- SMPTE.RP227.2010
- SMPTE.ST227.1996
- SMPTE.RP228.2008
- SMPTE.ST228.1996
- SMPTE.ST229.1996
- SMPTE.ST230.1996
- SMPTE.ST231.2004
- SMPTE.ST233.2003
- SMPTE.ST234.1998
- SMPTE.ST235.1998
- SMPTE.ST236.1998
- SMPTE.ST237.2003
- SMPTE.ST238.1998
- SMPTE.ST239.2004
- SMPTE.ST240.1999
- SMPTE.ST241.2015
- SMPTE.ST242.2003
- SMPTE.ST243.1993
- SMPTE.ST244.2003
- SMPTE.ST245.1993
- SMPTE.ST246.2003
- SMPTE.ST247.2003
- SMPTE.ST248.2003
- SMPTE.ST249.1996
- SMPTE.ST250.1996
- SMPTE.ST251.1996
- SMPTE.ST252.1996
- SMPTE.ST253.1998
- SMPTE.ST254.2008
- SMPTE.ST256.1996
- SMPTE.ST257.1998
- SMPTE.ST258.2004
- SMPTE.ST259.2008
- SMPTE.ST260.1999
- SMPTE.ST262.1995
- SMPTE.ST263.2004
- SMPTE.ST264.1998
- SMPTE.ST265.1998
- SMPTE.ST266.2012
- SMPTE.ST267.1995
- SMPTE.RP268-3.2023-08
- SMPTE.ST268-1.2014
- SMPTE.ST268-2.2018Am1.2022
- SMPTE.ST268-2.2023-06
- SMPTE.ST268.2014
- SMPTE.ST269.1999
- SMPTE.ST270.2008
- SMPTE.ST271.2008
- SMPTE.ST272.2004
- SMPTE.ST273.2003
- SMPTE.ST274.2008
- SMPTE.ST275.1995
- SMPTE.ST276.1995
- SMPTE.ST277.1996
- SMPTE.ST278.1996
- SMPTE.ST279.2001
- SMPTE.RP291-2.2013
- SMPTE.ST291-1.2011
- SMPTE.RP291.2009
- SMPTE.ST291.2006
- SMPTE.OV292-0.2011
- SMPTE.OV292-0.2018
- SMPTE.ST292-1.2018
- SMPTE.ST292-2.2011
- SMPTE.ST293.2003
- SMPTE.ST294.2001
- SMPTE.ST295.1997
- SMPTE.ST296.2012
- SMPTE.OV297-0.2017
- SMPTE.ST297-1.2015
- SMPTE.ST297-2.2017
- SMPTE.ST297.2015
- SMPTE.ST298.2009
- SMPTE.OV299-0.2010
- SMPTE.ST299-1.2009
- SMPTE.ST299-2.2010
- SMPTE.ST300.2002
- SMPTE.ST301.2005
- SMPTE.ST302.2007
- SMPTE.ST303.2002
- SMPTE.ST304.2009
- SMPTE.ST305.2005
- SMPTE.ST306.2002
- SMPTE.ST307.2002
- SMPTE.ST308.2004
- SMPTE.ST309.2012
- SMPTE.ST310.2010
- SMPTE.ST311.2009
- SMPTE.ST312.2001
- SMPTE.ST313.2008
- SMPTE.ST314.2005
- SMPTE.ST315.2004
- SMPTE.ST316.2006
- SMPTE.ST317.1999
- SMPTE.ST318.2015
- SMPTE.ST319.2000
- SMPTE.ST321.2002
- SMPTE.ST322.2004
- SMPTE.ST323.2004
- SMPTE.ST324.2004
- SMPTE.ST325.1999
- SMPTE.ST326.2000
- SMPTE.ST327.2000
- SMPTE.ST328.2000
- SMPTE.ST329.2000
- SMPTE.ST330.2022
- SMPTE.ST331.2011Am1.2023
- SMPTE.ST332.2000
- SMPTE.ST333.2008
- SMPTE.ST334-1.2015
- SMPTE.ST334-2.2015
- SMPTE.ST335.2012Am1.2019
- SMPTE.ST336.2017
- SMPTE.ST337.2015
- SMPTE.ST338.2016Am1.2019
- SMPTE.ST339.2015
- SMPTE.ST340.2015
- SMPTE.ST341.2000
- SMPTE.ST342.2004
- SMPTE.ST343.2002
- SMPTE.ST344.2000
- SMPTE.ST345.2002
- SMPTE.ST346.2000
- SMPTE.ST347.2001
- SMPTE.ST348.2005
- SMPTE.ST349.2001
- SMPTE.ST351.2000
- SMPTE.ST352.2011
- SMPTE.ST352.2013
- SMPTE.ST353.2000
- SMPTE.ST354.2002
- SMPTE.ST355.2001
- SMPTE.ST356.2001
- SMPTE.ST357.2002
- SMPTE.ST358.2001
- SMPTE.ST359.2001
- SMPTE.ST360.2009
- SMPTE.ST361.2002
- SMPTE.ST362.2002
- SMPTE.ST363-2.2002
- SMPTE.ST364.2008
- SMPTE.ST365.2001
- SMPTE.ST366.2002
- SMPTE.ST367.2002
- SMPTE.ST368.2002
- SMPTE.ST369.2002
- SMPTE.ST370.2006Am1.2009
- SMPTE.ST370.2013
- SMPTE.ST371.2002
- SMPTE.ST372.2017
- SMPTE.ST374.2003
- SMPTE.ST375.2003
- SMPTE.ST376.2003
- SMPTE.EG377-3.2013
- SMPTE.ST377-1.2011Am2.2012
- SMPTE.ST377-1.2019
- SMPTE.ST377-2.2019
- SMPTE.ST377-4.2021
- SMPTE.ST377-41.2023-04
- SMPTE.ST377-42.2021
- SMPTE.ST377.2004
- SMPTE.ST378.2004
- SMPTE.OV379-0.2015
- SMPTE.ST379-1.2009
- SMPTE.ST379-2.2010
- SMPTE.ST379.2004
- SMPTE.ST380.2004
- SMPTE.ST381-1.2005
- SMPTE.ST381-2.2018
- SMPTE.ST381-3.2025-01
- SMPTE.ST381-4.2017
- SMPTE.ST381-5.2023-02
- SMPTE.ST381.2005
- SMPTE.ST382.2022
- SMPTE.ST383.2008
- SMPTE.ST384.2005
- SMPTE.ST385.2012Am1.2022
- SMPTE.ST386.2004
- SMPTE.ST387.2004
- SMPTE.ST388.2004
- SMPTE.ST389.2005
- SMPTE.ST390.2011
- SMPTE.ST391.2004
- SMPTE.ST392.2013
- SMPTE.ST393.2004
- SMPTE.ST394.2006
- SMPTE.ST395.2014
- SMPTE.ST396.2003
- SMPTE.ST397.2003
- SMPTE.ST398.2004
- SMPTE.ST399.2004
- SMPTE.ST400.2012
- SMPTE.ST401.2005
- SMPTE.ST402.2003
- SMPTE.ST405.2006
- SMPTE.ST407.2006
- SMPTE.ST408.2006
- SMPTE.ST409.2005
- SMPTE.ST410.2008
- SMPTE.ST411.2006
- SMPTE.ST417.2005
- SMPTE.ST418.2005
- SMPTE.ST419.2005
- SMPTE.ST420.2005
- SMPTE.ST421.2006Am1.2007
- SMPTE.ST421.2006Am2.2011
- SMPTE.ST421.2013
- SMPTE.ST422.2022
- SMPTE.ST424.2012
- SMPTE.OV425-0.2014
- SMPTE.ST425-1.2017
- SMPTE.ST425-2.2012
- SMPTE.ST425-3.2019
- SMPTE.ST425-4.2012
- SMPTE.ST425-5.2019
- SMPTE.ST425-6.2014
- SMPTE.ST427.2009
- SMPTE.RP428-22.2025-06
- SMPTE.RP428-4.2010
- SMPTE.RP428-5.2010
- SMPTE.RP428-6.2009
- SMPTE.ST428-1.2019
- SMPTE.ST428-10.2008
- SMPTE.ST428-11.2013
- SMPTE.ST428-12.2013
- SMPTE.ST428-19.2010
- SMPTE.ST428-2.2006
- SMPTE.ST428-21.2011
- SMPTE.ST428-24.2024-11
- SMPTE.ST428-3.2006
- SMPTE.ST428-7.2014
- SMPTE.ST428-9.2008
- SMPTE.ST429-10.2023-09
- SMPTE.ST429-12.2008
- SMPTE.ST429-13.2009
- SMPTE.ST429-16.2023-09
- SMPTE.ST429-17.2017
- SMPTE.ST429-19.2023-09
- SMPTE.ST429-20.2022
- SMPTE.ST429-6.2006Am1.2017
- SMPTE.ST429-7.2006
- SMPTE.ST429-8.2007
- SMPTE.ST429-9.2007Am1.2010
- SMPTE.ST429-9.2014
- SMPTE.ST430-1.2023-09
- SMPTE.ST430-10.2010
- SMPTE.ST430-11.2010
- SMPTE.ST430-12.2023-09
- SMPTE.ST430-14.2021
- SMPTE.ST430-15.2017
- SMPTE.ST430-16.2017
- SMPTE.ST430-17.2021
- SMPTE.ST430-2.2017
- SMPTE.ST430-3.2008Am2.2012
- SMPTE.ST430-4.2008Am1.2011
- SMPTE.ST430-6.2010
- SMPTE.ST430-7.2008Am1.2011
- SMPTE.ST430-9.2008Am1.2011
- SMPTE.RP431-2.2011
- SMPTE.ST431-1.2006
- SMPTE.EG432-1.2010
- SMPTE.EG432-2.2006
- SMPTE.ST433.2008Am1.2011
- SMPTE.ST434.2015
- SMPTE.OV435-0.2012
- SMPTE.ST435-1.2012
- SMPTE.ST435-2.2008
- SMPTE.ST435-2.2012
- SMPTE.ST435-3.2012
- SMPTE.ST436-1.2013
- SMPTE.ST436.2006
- SMPTE.ST2001-1.2015
- SMPTE.ST2001-2.2014
- SMPTE.RP2002.2006
- SMPTE.ST2003.2012
- SMPTE.RP2005.2008
- SMPTE.RP2006.2006
- SMPTE.RP2007.2007
- SMPTE.RP2008.2008
- SMPTE.ST2010.2008
- SMPTE.ST2016-1.2009
- SMPTE.ST2016-2.2014
- SMPTE.ST2016-3.2009
- SMPTE.ST2016-4.2014
- SMPTE.ST2016-5.2009
- SMPTE.RP2019-2.2016
- SMPTE.ST2019-1.2016Am1.2022
- SMPTE.ST2019-3.2008
- SMPTE.ST2019-4.2016Am1.2024
- SMPTE.ST2020-1.2014
- SMPTE.ST2020-2.2014
- SMPTE.ST2020-3.2014
- SMPTE.EG2021-3.2022
- SMPTE.EG2021-4.2017
- SMPTE.OV2021-0.2020
- SMPTE.RP2021-1.2020
- SMPTE.RP2021-5.2013
- SMPTE.RP2021-6.2017
- SMPTE.RP2021-9.2017
- SMPTE.ST2021-1.2017
- SMPTE.ST2021-2.2019
- SMPTE.ST2021-4.2023-09
- SMPTE.ST2021.2008
- SMPTE.ST2022-1.2007
- SMPTE.ST2022-2.2007
- SMPTE.ST2022-3.2019
- SMPTE.ST2022-4.2011
- SMPTE.ST2022-5.2013
- SMPTE.ST2022-6.2012
- SMPTE.ST2022-7.2018
- SMPTE.ST2022-8.2019
- SMPTE.RP2025.2007
- SMPTE.RP2027.2012
- SMPTE.ST2029.2022
- SMPTE.ST2031.2015
- SMPTE.EG2032-4.2014
- SMPTE.ST2032-1.2007
- SMPTE.ST2032-2.2007
- SMPTE.ST2032-3.2007
- SMPTE.ST2034-1.2017
- SMPTE.ST2035.2020
- SMPTE.OV2036-0.2015
- SMPTE.ST2036-1.2014
- SMPTE.ST2036-2.2008
- SMPTE.ST2036-3.2018
- SMPTE.ST2036-4.2019
- SMPTE.ST2037.2009
- SMPTE.ST2038.2020
- SMPTE.EG2039.2008
- SMPTE.ST2041-1.2010
- SMPTE.ST2041-2.2010
- SMPTE.ST2041-3.2010
- SMPTE.RP2042-3.2022
- SMPTE.ST2042-1.2022
- SMPTE.ST2042-2.2017
- SMPTE.ST2042-4.2018
- SMPTE.ST2045.2010
- SMPTE.EG2046-3.2010
- SMPTE.RP2046-2.2009
- SMPTE.ST2046-1.2009
- SMPTE.RP2047-1.2022
- SMPTE.RP2047-3.2022
- SMPTE.RP2047-5.2017Am1.2018
- SMPTE.RP2047-5.2022
- SMPTE.ST2047-2.2010
- SMPTE.ST2047-4.2011
- SMPTE.OV2048-0.2012
- SMPTE.ST2048-1.2024-08
- SMPTE.ST2048-2.2024-08
- SMPTE.ST2048-3.2024-08
- SMPTE.ST2049.2012
- SMPTE.EG2050-2.2012
- SMPTE.RP2050-1.2012
- SMPTE.ST2051.2014
- SMPTE.OV2052-0.2014
- SMPTE.RP2052-10.2010Am1.2012
- SMPTE.RP2052-10.2013
- SMPTE.RP2052-11.2013
- SMPTE.ST2052-1.2013
- SMPTE.ST2053.2011
- SMPTE.RP2054.2010
- SMPTE.ST2056.2011
- SMPTE.RP2057.2011Am1.2013
- SMPTE.RP2058-2.2011
- SMPTE.RP2058-3.2011
- SMPTE.RP2058-4.2011
- SMPTE.ST2058-1.2011
- SMPTE.EG2059-10.2022
- SMPTE.RP2059-15.2022
- SMPTE.ST2059-1.2020
- SMPTE.ST2059-2.2020
- SMPTE.EG2061.2016
- SMPTE.ST2063.2012
- SMPTE.ST2064-1.2015
- SMPTE.ST2064-2.2015
- SMPTE.ST2065-1.2020
- SMPTE.ST2065-2.2020
- SMPTE.ST2065-3.2020
- SMPTE.ST2065-4.2022
- SMPTE.ST2065-5.2023-02
- SMPTE.ST2066.2012
- SMPTE.OV2067-0.2021
- SMPTE.ST2067-100.2014
- SMPTE.ST2067-101.2018
- SMPTE.ST2067-102.2022
- SMPTE.ST2067-103.2020
- SMPTE.ST2067-2.2020
- SMPTE.ST2067-20.2016
- SMPTE.ST2067-200.2018
- SMPTE.ST2067-201.2020
- SMPTE.ST2067-202.2022
- SMPTE.ST2067-203.2023-09
- SMPTE.ST2067-21.2022
- SMPTE.ST2067-3.2020
- SMPTE.ST2067-30.2013
- SMPTE.ST2067-40.2021
- SMPTE.ST2067-5.2020
- SMPTE.ST2067-50.2018
- SMPTE.ST2067-60.2022
- SMPTE.ST2067-70.2024-08
- SMPTE.ST2067-71.2024-07
- SMPTE.ST2067-8.2013
- SMPTE.ST2067-9.2018
- SMPTE.ST2068.2013
- SMPTE.EG2069.2012
- SMPTE.ST2070-1.2014
- SMPTE.ST2070-2.2014
- SMPTE.ST2070-3.2014
- SMPTE.ST2071-1.2016
- SMPTE.ST2071-2.2016
- SMPTE.ST2071-3.2014
- SMPTE.RP2072.2014
- SMPTE.OV2073-0.2023-02
- SMPTE.RP2073-2.2022
- SMPTE.ST2073-1.2017
- SMPTE.ST2073-10.2017
- SMPTE.ST2073-3.2015
- SMPTE.ST2073-4.2015
- SMPTE.ST2073-5.2015
- SMPTE.ST2073-6.2015
- SMPTE.ST2073-7.2022
- SMPTE.EG2074.2013
- SMPTE.ST2075.2013
- SMPTE.EG2076-2.2016
- SMPTE.RP2076-1.2016
- SMPTE.RP2077.2013
- SMPTE.RP2079.2018
- SMPTE.RP2080-2.2014
- SMPTE.ST2080-1.2014
- SMPTE.ST2080-3.2017
- SMPTE.OV2081-0.2018
- SMPTE.ST2081-1.2023-10
- SMPTE.ST2081-10.2018
- SMPTE.ST2081-11.2019
- SMPTE.ST2081-12.2019
- SMPTE.ST2081-30.2017
- SMPTE.OV2082-0.2018
- SMPTE.ST2082-1.2023-11
- SMPTE.ST2082-10.2018
- SMPTE.ST2082-11.2019
- SMPTE.ST2082-12.2019
- SMPTE.ST2082-30.2017
- SMPTE.ST2084.2014
- SMPTE.ST2085.2015
- SMPTE.ST2086.2018
- SMPTE.ST2087.2016
- SMPTE.ST2088.2019
- SMPTE.RP2089.2014
- SMPTE.RP2091-2.2018
- SMPTE.ST2091-1.2017
- SMPTE.RP2092-1.2015Am1.2017
- SMPTE.RP2093.2020
- SMPTE.OV2094-0.2017
- SMPTE.ST2094-1.2016
- SMPTE.ST2094-10.2020
- SMPTE.ST2094-2.2023-04
- SMPTE.ST2094-20.2016
- SMPTE.ST2094-30.2016
- SMPTE.ST2094-40.2020
- SMPTE.ST2095-1.2023-09
- SMPTE.RP2096-1.2017
- SMPTE.RP2096-2.2017
- SMPTE.EG2098-3.2020
- SMPTE.ST2098-1.2018
- SMPTE.ST2098-2.2022
- SMPTE.ST2098-5.2018
- SMPTE.ST2100-1.2017
- SMPTE.ST2101.2015
- SMPTE.ST2102.2017
- SMPTE.ST2106.2016
- SMPTE.ST2108-1.2018
- SMPTE.ST2108-2.2019
- SMPTE.ST2109.2019
- SMPTE.OV2110-0.2018
- SMPTE.RP2110-23.2019
- SMPTE.RP2110-24.2022
- SMPTE.RP2110-25.2023-04
- SMPTE.ST2110-10.2022
- SMPTE.ST2110-20.2022
- SMPTE.ST2110-21.2022
- SMPTE.ST2110-22.2022
- SMPTE.ST2110-30.2025-10
- SMPTE.ST2110-31.2022
- SMPTE.ST2110-40.2023-12
- SMPTE.ST2110-41.2024-03
- SMPTE.ST2110-43.2021
- SMPTE.EG2111-1.2020
- SMPTE.EG2111-2.2018
- SMPTE.EG2111-3.2020
- SMPTE.EG2112-2.2020
- SMPTE.OV2112-0.2018
- SMPTE.RP2112-1.2020
- SMPTE.RP2112-11.2020
- SMPTE.RP2112-21.2020
- SMPTE.ST2112-10.2020
- SMPTE.ST2112-20.2020
- SMPTE.ST2113.2018
- SMPTE.ST2114.2017
- SMPTE.ST2115.2020
- SMPTE.ST2116.2019
- SMPTE.ST2117-1.2022
- SMPTE.ST2117-10.2024-07
- SMPTE.ST2122.2020
- SMPTE.ST2123.2020
- SMPTE.ST2123.2021
- SMPTE.ST2123.2022
- SMPTE.ST2123.2024-03
- SMPTE.ST2123.2025-03
- SMPTE.ST2124.2020
- SMPTE.ST2126.2025-08
- SMPTE.ST2127-1.2022
- SMPTE.ST2127-10.2022
- SMPTE.ST2127-2.2024-03
- SMPTE.RP2129.2023-08
- SMPTE.ST2134.2025-01
- SMPTE.AG01
- SMPTE.AG02
- SMPTE.AG03
- SMPTE.AG04
- SMPTE.AG05
- SMPTE.AG06
- SMPTE.AG07
- SMPTE.AG08
- SMPTE.AG10
- SMPTE.AG10B
- SMPTE.AG12
- SMPTE.AG14
- SMPTE.AG15
- SMPTE.AG16
- SMPTE.AG18
- SMPTE.AG19
- SMPTE.AG20
- SMPTE.AG21
- SMPTE.AG22
- SMPTE.AG24
- SMPTE.AG25
- SMPTE.AG26
- SMPTE.AG28
- SMPTE.AG29
- SMPTE.AG30
- SMPTE.AG31
- SMPTE.OM.Std

### 🧠 MRI skipped write (beforeExit) — only generatedAt would have changed
